TN:
SF:src/api/index.js
FNF:0
FNH:0
LF:0
LH:0
BRF:0
BRH:0
end_of_record
TN:
SF:src/components/AccessibilityOptions.jsx
FN:16,(anonymous_0)
FN:31,(anonymous_1)
FN:33,(anonymous_2)
FN:51,(anonymous_3)
FN:56,(anonymous_4)
FN:62,(anonymous_5)
FN:67,(anonymous_6)
FN:72,(anonymous_7)
FN:77,(anonymous_8)
FN:82,(anonymous_9)
FN:87,(anonymous_10)
FN:106,(anonymous_11)
FN:113,(anonymous_12)
FN:118,(anonymous_13)
FN:133,(anonymous_14)
FN:143,(anonymous_15)
FN:147,(anonymous_16)
FN:151,(anonymous_17)
FN:153,(anonymous_18)
FN:172,(anonymous_19)
FN:184,(anonymous_20)
FN:195,(anonymous_21)
FN:197,(anonymous_22)
FN:225,(anonymous_23)
FN:231,(anonymous_24)
FN:300,(anonymous_25)
FN:325,(anonymous_26)
FN:359,(anonymous_27)
FN:376,(anonymous_28)
FN:413,(anonymous_29)
FN:429,(anonymous_30)
FN:445,(anonymous_31)
FN:461,(anonymous_32)
FN:472,(anonymous_33)
FN:483,(anonymous_34)
FN:497,(anonymous_35)
FN:520,(anonymous_36)
FN:549,(anonymous_37)
FN:565,(anonymous_38)
FN:581,(anonymous_39)
FN:594,(anonymous_40)
FN:610,(anonymous_41)
FN:621,(anonymous_42)
FN:636,(anonymous_43)
FN:665,(anonymous_44)
FN:681,(anonymous_45)
FN:697,(anonymous_46)
FN:717,(anonymous_47)
FN:733,(anonymous_48)
FN:749,(anonymous_49)
FN:778,(anonymous_50)
FN:794,(anonymous_51)
FN:801,(anonymous_52)
FN:810,(anonymous_53)
FN:834,(anonymous_54)
FN:847,(anonymous_55)
FN:864,(anonymous_56)
FN:900,(anonymous_57)
FN:916,(anonymous_58)
FN:932,(anonymous_59)
FN:938,(anonymous_60)
FN:969,(anonymous_61)
FN:985,(anonymous_62)
FN:1001,(anonymous_63)
FNF:64
FNH:0
FNDA:0,(anonymous_0)
FNDA:0,(anonymous_1)
FNDA:0,(anonymous_2)
FNDA:0,(anonymous_3)
FNDA:0,(anonymous_4)
FNDA:0,(anonymous_5)
FNDA:0,(anonymous_6)
FNDA:0,(anonymous_7)
FNDA:0,(anonymous_8)
FNDA:0,(anonymous_9)
FNDA:0,(anonymous_10)
FNDA:0,(anonymous_11)
FNDA:0,(anonymous_12)
FNDA:0,(anonymous_13)
FNDA:0,(anonymous_14)
FNDA:0,(anonymous_15)
FNDA:0,(anonymous_16)
FNDA:0,(anonymous_17)
FNDA:0,(anonymous_18)
FNDA:0,(anonymous_19)
FNDA:0,(anonymous_20)
FNDA:0,(anonymous_21)
FNDA:0,(anonymous_22)
FNDA:0,(anonymous_23)
FNDA:0,(anonymous_24)
FNDA:0,(anonymous_25)
FNDA:0,(anonymous_26)
FNDA:0,(anonymous_27)
FNDA:0,(anonymous_28)
FNDA:0,(anonymous_29)
FNDA:0,(anonymous_30)
FNDA:0,(anonymous_31)
FNDA:0,(anonymous_32)
FNDA:0,(anonymous_33)
FNDA:0,(anonymous_34)
FNDA:0,(anonymous_35)
FNDA:0,(anonymous_36)
FNDA:0,(anonymous_37)
FNDA:0,(anonymous_38)
FNDA:0,(anonymous_39)
FNDA:0,(anonymous_40)
FNDA:0,(anonymous_41)
FNDA:0,(anonymous_42)
FNDA:0,(anonymous_43)
FNDA:0,(anonymous_44)
FNDA:0,(anonymous_45)
FNDA:0,(anonymous_46)
FNDA:0,(anonymous_47)
FNDA:0,(anonymous_48)
FNDA:0,(anonymous_49)
FNDA:0,(anonymous_50)
FNDA:0,(anonymous_51)
FNDA:0,(anonymous_52)
FNDA:0,(anonymous_53)
FNDA:0,(anonymous_54)
FNDA:0,(anonymous_55)
FNDA:0,(anonymous_56)
FNDA:0,(anonymous_57)
FNDA:0,(anonymous_58)
FNDA:0,(anonymous_59)
FNDA:0,(anonymous_60)
FNDA:0,(anonymous_61)
FNDA:0,(anonymous_62)
FNDA:0,(anonymous_63)
DA:16,0
DA:21,0
DA:22,0
DA:23,0
DA:24,0
DA:25,0
DA:26,0
DA:27,0
DA:28,0
DA:29,0
DA:31,0
DA:33,0
DA:34,0
DA:36,0
DA:37,0
DA:39,0
DA:40,0
DA:41,0
DA:46,0
DA:48,0
DA:51,0
DA:52,0
DA:53,0
DA:55,0
DA:56,0
DA:57,0
DA:62,0
DA:63,0
DA:64,0
DA:67,0
DA:68,0
DA:69,0
DA:72,0
DA:73,0
DA:74,0
DA:77,0
DA:78,0
DA:79,0
DA:82,0
DA:83,0
DA:84,0
DA:87,0
DA:88,0
DA:89,0
DA:90,0
DA:91,0
DA:92,0
DA:95,0
DA:99,0
DA:100,0
DA:102,0
DA:106,0
DA:107,0
DA:108,0
DA:109,0
DA:113,0
DA:114,0
DA:115,0
DA:118,0
DA:119,0
DA:120,0
DA:122,0
DA:123,0
DA:124,0
DA:125,0
DA:127,0
DA:128,0
DA:129,0
DA:133,0
DA:134,0
DA:135,0
DA:136,0
DA:138,0
DA:140,0
DA:143,0
DA:144,0
DA:147,0
DA:148,0
DA:151,0
DA:152,0
DA:153,0
DA:172,0
DA:173,0
DA:184,0
DA:195,0
DA:196,0
DA:197,0
DA:225,0
DA:226,0
DA:228,0
DA:231,0
DA:248,0
DA:250,0
DA:252,0
DA:261,0
DA:300,0
DA:325,0
DA:360,0
DA:377,0
DA:413,0
DA:429,0
DA:445,0
DA:461,0
DA:472,0
DA:483,0
DA:497,0
DA:520,0
DA:549,0
DA:565,0
DA:581,0
DA:594,0
DA:610,0
DA:621,0
DA:636,0
DA:665,0
DA:681,0
DA:697,0
DA:717,0
DA:733,0
DA:749,0
DA:778,0
DA:794,0
DA:801,0
DA:810,0
DA:834,0
DA:847,0
DA:864,0
DA:900,0
DA:916,0
DA:932,0
DA:938,0
DA:969,0
DA:985,0
DA:1001,0
LF:134
LH:0
BRDA:17,0,0,0
BRDA:19,1,0,0
BRDA:34,2,0,0
BRDA:34,2,1,0
BRDA:55,3,0,0
BRDA:55,3,1,0
BRDA:107,4,0,0
BRDA:107,4,1,0
BRDA:120,5,0,0
BRDA:120,5,1,0
BRDA:135,6,0,0
BRDA:135,6,1,0
BRDA:151,7,0,0
BRDA:153,8,0,0
BRDA:153,8,1,0
BRDA:159,9,0,0
BRDA:159,9,1,0
BRDA:160,10,0,0
BRDA:160,10,1,0
BRDA:166,11,0,0
BRDA:166,11,1,0
BRDA:172,12,0,0
BRDA:172,13,0,0
BRDA:185,14,0,0
BRDA:185,14,1,0
BRDA:200,15,0,0
BRDA:200,15,1,0
BRDA:209,16,0,0
BRDA:209,16,1,0
BRDA:214,17,0,0
BRDA:214,17,1,0
BRDA:225,18,0,0
BRDA:236,19,0,0
BRDA:236,19,1,0
BRDA:239,20,0,0
BRDA:239,20,1,0
BRDA:250,21,0,0
BRDA:250,21,1,0
BRDA:268,22,0,0
BRDA:268,22,1,0
BRDA:286,23,0,0
BRDA:286,23,1,0
BRDA:303,24,0,0
BRDA:303,24,1,0
BRDA:312,25,0,0
BRDA:312,25,1,0
BRDA:346,26,0,0
BRDA:346,26,1,0
BRDA:357,27,0,0
BRDA:357,27,1,0
BRDA:369,28,0,0
BRDA:369,28,1,0
BRDA:373,29,0,0
BRDA:373,29,1,0
BRDA:391,30,0,0
BRDA:391,30,1,0
BRDA:394,31,0,0
BRDA:394,31,1,0
BRDA:530,32,0,0
BRDA:530,32,1,0
BRDA:586,33,0,0
BRDA:586,33,1,0
BRDA:646,34,0,0
BRDA:646,34,1,0
BRDA:759,35,0,0
BRDA:759,35,1,0
BRDA:839,36,0,0
BRDA:839,36,1,0
BRDA:881,37,0,0
BRDA:881,37,1,0
BRDA:950,38,0,0
BRDA:950,38,1,0
BRDA:1016,39,0,0
BRDA:1016,39,1,0
BRF:74
BRH:0
end_of_record
TN:
SF:src/components/AdvancedFileUpload.jsx
FN:23,(anonymous_0)
FN:35,(anonymous_1)
FN:36,(anonymous_2)
FN:38,(anonymous_3)
FN:47,(anonymous_4)
FN:57,(anonymous_5)
FN:68,(anonymous_6)
FN:75,(anonymous_7)
FN:85,(anonymous_8)
FN:130,(anonymous_9)
FN:145,(anonymous_10)
FN:146,(anonymous_11)
FN:151,(anonymous_12)
FN:164,(anonymous_13)
FN:168,(anonymous_14)
FN:176,(anonymous_15)
FN:188,(anonymous_16)
FN:199,(anonymous_17)
FN:216,(anonymous_18)
FN:223,(anonymous_19)
FN:230,(anonymous_20)
FN:236,(anonymous_21)
FN:242,(anonymous_22)
FN:245,(anonymous_23)
FN:251,(anonymous_24)
FN:253,(anonymous_25)
FN:255,(anonymous_26)
FN:310,(anonymous_27)
FN:321,(anonymous_28)
FN:367,(anonymous_29)
FN:379,(anonymous_30)
FN:391,(anonymous_31)
FN:403,(anonymous_32)
FN:430,(anonymous_33)
FN:439,(anonymous_34)
FN:521,(anonymous_35)
FN:532,(anonymous_36)
FNF:37
FNH:0
FNDA:0,(anonymous_0)
FNDA:0,(anonymous_1)
FNDA:0,(anonymous_2)
FNDA:0,(anonymous_3)
FNDA:0,(anonymous_4)
FNDA:0,(anonymous_5)
FNDA:0,(anonymous_6)
FNDA:0,(anonymous_7)
FNDA:0,(anonymous_8)
FNDA:0,(anonymous_9)
FNDA:0,(anonymous_10)
FNDA:0,(anonymous_11)
FNDA:0,(anonymous_12)
FNDA:0,(anonymous_13)
FNDA:0,(anonymous_14)
FNDA:0,(anonymous_15)
FNDA:0,(anonymous_16)
FNDA:0,(anonymous_17)
FNDA:0,(anonymous_18)
FNDA:0,(anonymous_19)
FNDA:0,(anonymous_20)
FNDA:0,(anonymous_21)
FNDA:0,(anonymous_22)
FNDA:0,(anonymous_23)
FNDA:0,(anonymous_24)
FNDA:0,(anonymous_25)
FNDA:0,(anonymous_26)
FNDA:0,(anonymous_27)
FNDA:0,(anonymous_28)
FNDA:0,(anonymous_29)
FNDA:0,(anonymous_30)
FNDA:0,(anonymous_31)
FNDA:0,(anonymous_32)
FNDA:0,(anonymous_33)
FNDA:0,(anonymous_34)
FNDA:0,(anonymous_35)
FNDA:0,(anonymous_36)
DA:23,0
DA:24,0
DA:25,0
DA:26,0
DA:27,0
DA:28,0
DA:29,0
DA:31,0
DA:32,0
DA:33,0
DA:35,0
DA:36,0
DA:38,0
DA:39,0
DA:40,0
DA:43,0
DA:47,0
DA:48,0
DA:49,0
DA:50,0
DA:51,0
DA:52,0
DA:53,0
DA:57,0
DA:58,0
DA:59,0
DA:60,0
DA:62,0
DA:63,0
DA:64,0
DA:68,0
DA:69,0
DA:70,0
DA:71,0
DA:75,0
DA:76,0
DA:77,0
DA:78,0
DA:81,0
DA:83,0
DA:84,0
DA:85,0
DA:87,0
DA:89,0
DA:92,0
DA:93,0
DA:95,0
DA:99,0
DA:104,0
DA:114,0
DA:116,0
DA:117,0
DA:130,0
DA:131,0
DA:132,0
DA:133,0
DA:137,0
DA:138,0
DA:140,0
DA:141,0
DA:145,0
DA:146,0
DA:147,0
DA:148,0
DA:151,0
DA:152,0
DA:154,0
DA:155,0
DA:159,0
DA:160,0
DA:164,0
DA:165,0
DA:168,0
DA:169,0
DA:170,0
DA:172,0
DA:173,0
DA:176,0
DA:177,0
DA:179,0
DA:180,0
DA:181,0
DA:183,0
DA:184,0
DA:188,0
DA:189,0
DA:191,0
DA:192,0
DA:194,0
DA:196,0
DA:197,0
DA:199,0
DA:200,0
DA:201,0
DA:202,0
DA:205,0
DA:206,0
DA:207,0
DA:209,0
DA:212,0
DA:216,0
DA:217,0
DA:218,0
DA:219,0
DA:220,0
DA:223,0
DA:224,0
DA:225,0
DA:226,0
DA:227,0
DA:230,0
DA:231,0
DA:232,0
DA:233,0
DA:236,0
DA:237,0
DA:238,0
DA:242,0
DA:243,0
DA:244,0
DA:245,0
DA:246,0
DA:247,0
DA:250,0
DA:251,0
DA:253,0
DA:254,0
DA:255,0
DA:260,0
DA:310,0
DA:322,0
DA:368,0
DA:380,0
DA:392,0
DA:404,0
DA:430,0
DA:439,0
DA:522,0
DA:533,0
LF:139
LH:0
BRDA:23,0,0,0
BRDA:39,1,0,0
BRDA:39,1,1,0
BRDA:50,2,0,0
BRDA:50,2,1,0
BRDA:50,3,0,0
BRDA:50,3,1,0
BRDA:52,4,0,0
BRDA:52,4,1,0
BRDA:63,5,0,0
BRDA:63,5,1,0
BRDA:70,6,0,0
BRDA:70,6,1,0
BRDA:76,7,0,0
BRDA:76,7,1,0
BRDA:93,8,0,0
BRDA:93,8,1,0
BRDA:93,9,0,0
BRDA:93,9,1,0
BRDA:111,10,0,0
BRDA:111,10,1,0
BRDA:140,11,0,0
BRDA:140,11,1,0
BRDA:147,12,0,0
BRDA:147,12,1,0
BRDA:154,13,0,0
BRDA:154,13,1,0
BRDA:159,14,0,0
BRDA:159,14,1,0
BRDA:169,15,0,0
BRDA:169,15,1,0
BRDA:177,16,0,0
BRDA:177,16,1,0
BRDA:177,17,0,0
BRDA:177,17,1,0
BRDA:179,18,0,0
BRDA:179,18,1,0
BRDA:188,19,0,0
BRDA:189,20,0,0
BRDA:189,20,1,0
BRDA:189,21,0,0
BRDA:189,21,1,0
BRDA:206,22,0,0
BRDA:206,22,1,0
BRDA:217,23,0,0
BRDA:217,23,1,0
BRDA:217,24,0,0
BRDA:217,24,1,0
BRDA:218,25,0,0
BRDA:218,25,1,0
BRDA:218,26,0,0
BRDA:218,26,1,0
BRDA:219,27,0,0
BRDA:219,27,1,0
BRDA:219,28,0,0
BRDA:219,28,1,0
BRDA:224,29,0,0
BRDA:224,29,1,0
BRDA:224,30,0,0
BRDA:224,30,1,0
BRDA:225,31,0,0
BRDA:225,31,1,0
BRDA:225,32,0,0
BRDA:225,32,1,0
BRDA:226,33,0,0
BRDA:226,33,1,0
BRDA:226,34,0,0
BRDA:226,34,1,0
BRDA:231,35,0,0
BRDA:231,35,1,0
BRDA:232,36,0,0
BRDA:232,36,1,0
BRDA:237,37,0,0
BRDA:237,37,1,0
BRDA:237,38,0,0
BRDA:237,38,1,0
BRDA:243,39,0,0
BRDA:243,39,1,0
BRDA:243,40,0,0
BRDA:243,40,1,0
BRDA:246,41,0,0
BRDA:246,41,1,0
BRDA:269,42,0,0
BRDA:269,42,1,0
BRDA:285,43,0,0
BRDA:285,43,1,0
BRDA:290,44,0,0
BRDA:290,44,1,0
BRDA:314,45,0,0
BRDA:314,45,1,0
BRDA:319,46,0,0
BRDA:319,46,1,0
BRDA:331,47,0,0
BRDA:331,47,1,0
BRDA:344,48,0,0
BRDA:344,48,1,0
BRDA:347,49,0,0
BRDA:347,49,1,0
BRDA:350,50,0,0
BRDA:350,50,1,0
BRDA:360,51,0,0
BRDA:360,51,1,0
BRDA:363,52,0,0
BRDA:363,52,1,0
BRDA:375,53,0,0
BRDA:375,53,1,0
BRDA:387,54,0,0
BRDA:387,54,1,0
BRDA:399,55,0,0
BRDA:399,55,1,0
BRDA:411,56,0,0
BRDA:411,56,1,0
BRDA:428,57,0,0
BRDA:428,57,1,0
BRDA:453,58,0,0
BRDA:453,58,1,0
BRDA:453,58,2,0
BRDA:497,59,0,0
BRDA:497,59,1,0
BRDA:508,60,0,0
BRDA:508,60,1,0
BRDA:517,61,0,0
BRDA:517,61,1,0
BRDA:528,62,0,0
BRDA:528,62,1,0
BRF:125
BRH:0
end_of_record
TN:
SF:src/components/AdvancedTranscriptManagement.jsx
FN:65,(anonymous_0)
FN:102,(anonymous_1)
FN:108,(anonymous_2)
FN:109,(anonymous_3)
FN:114,(anonymous_4)
FN:123,(anonymous_5)
FN:151,(anonymous_6)
FN:152,(anonymous_7)
FN:159,(anonymous_8)
FN:174,(anonymous_9)
FN:176,(anonymous_10)
FN:178,(anonymous_11)
FN:178,(anonymous_12)
FN:182,(anonymous_13)
FN:186,(anonymous_14)
FN:190,(anonymous_15)
FN:201,(anonymous_16)
FN:217,(anonymous_17)
FN:231,(anonymous_18)
FN:240,(anonymous_19)
FN:244,(anonymous_20)
FN:259,(anonymous_21)
FN:261,(anonymous_22)
FN:263,(anonymous_23)
FN:264,(anonymous_24)
FN:278,(anonymous_25)
FN:298,(anonymous_26)
FN:300,(anonymous_27)
FN:302,(anonymous_28)
FN:308,(anonymous_29)
FN:324,(anonymous_30)
FN:326,(anonymous_31)
FN:328,(anonymous_32)
FN:334,(anonymous_33)
FN:350,(anonymous_34)
FN:352,(anonymous_35)
FN:354,(anonymous_36)
FN:360,(anonymous_37)
FN:377,(anonymous_38)
FN:390,(anonymous_39)
FN:402,(anonymous_40)
FN:409,(anonymous_41)
FN:417,(anonymous_42)
FN:444,(anonymous_43)
FN:454,(anonymous_44)
FN:465,(anonymous_45)
FN:470,(anonymous_46)
FN:471,(anonymous_47)
FN:483,(anonymous_48)
FN:483,(anonymous_49)
FN:492,(anonymous_50)
FN:492,(anonymous_51)
FN:502,(anonymous_52)
FN:505,(anonymous_53)
FN:514,(anonymous_54)
FN:527,(anonymous_55)
FN:560,(anonymous_56)
FN:575,(anonymous_57)
FN:581,(anonymous_58)
FN:583,(anonymous_59)
FN:590,(anonymous_60)
FN:594,(anonymous_61)
FN:598,(anonymous_62)
FN:626,(anonymous_63)
FN:633,(anonymous_64)
FN:669,(anonymous_65)
FN:677,(anonymous_66)
FN:677,(anonymous_67)
FN:684,(anonymous_68)
FN:684,(anonymous_69)
FN:691,(anonymous_70)
FN:705,(anonymous_71)
FN:716,(anonymous_72)
FNF:73
FNH:0
FNDA:0,(anonymous_0)
FNDA:0,(anonymous_1)
FNDA:0,(anonymous_2)
FNDA:0,(anonymous_3)
FNDA:0,(anonymous_4)
FNDA:0,(anonymous_5)
FNDA:0,(anonymous_6)
FNDA:0,(anonymous_7)
FNDA:0,(anonymous_8)
FNDA:0,(anonymous_9)
FNDA:0,(anonymous_10)
FNDA:0,(anonymous_11)
FNDA:0,(anonymous_12)
FNDA:0,(anonymous_13)
FNDA:0,(anonymous_14)
FNDA:0,(anonymous_15)
FNDA:0,(anonymous_16)
FNDA:0,(anonymous_17)
FNDA:0,(anonymous_18)
FNDA:0,(anonymous_19)
FNDA:0,(anonymous_20)
FNDA:0,(anonymous_21)
FNDA:0,(anonymous_22)
FNDA:0,(anonymous_23)
FNDA:0,(anonymous_24)
FNDA:0,(anonymous_25)
FNDA:0,(anonymous_26)
FNDA:0,(anonymous_27)
FNDA:0,(anonymous_28)
FNDA:0,(anonymous_29)
FNDA:0,(anonymous_30)
FNDA:0,(anonymous_31)
FNDA:0,(anonymous_32)
FNDA:0,(anonymous_33)
FNDA:0,(anonymous_34)
FNDA:0,(anonymous_35)
FNDA:0,(anonymous_36)
FNDA:0,(anonymous_37)
FNDA:0,(anonymous_38)
FNDA:0,(anonymous_39)
FNDA:0,(anonymous_40)
FNDA:0,(anonymous_41)
FNDA:0,(anonymous_42)
FNDA:0,(anonymous_43)
FNDA:0,(anonymous_44)
FNDA:0,(anonymous_45)
FNDA:0,(anonymous_46)
FNDA:0,(anonymous_47)
FNDA:0,(anonymous_48)
FNDA:0,(anonymous_49)
FNDA:0,(anonymous_50)
FNDA:0,(anonymous_51)
FNDA:0,(anonymous_52)
FNDA:0,(anonymous_53)
FNDA:0,(anonymous_54)
FNDA:0,(anonymous_55)
FNDA:0,(anonymous_56)
FNDA:0,(anonymous_57)
FNDA:0,(anonymous_58)
FNDA:0,(anonymous_59)
FNDA:0,(anonymous_60)
FNDA:0,(anonymous_61)
FNDA:0,(anonymous_62)
FNDA:0,(anonymous_63)
FNDA:0,(anonymous_64)
FNDA:0,(anonymous_65)
FNDA:0,(anonymous_66)
FNDA:0,(anonymous_67)
FNDA:0,(anonymous_68)
FNDA:0,(anonymous_69)
FNDA:0,(anonymous_70)
FNDA:0,(anonymous_71)
FNDA:0,(anonymous_72)
DA:54,0
DA:55,0
DA:56,0
DA:65,0
DA:67,0
DA:68,0
DA:69,0
DA:70,0
DA:71,0
DA:74,0
DA:75,0
DA:85,0
DA:86,0
DA:87,0
DA:88,0
DA:91,0
DA:92,0
DA:93,0
DA:94,0
DA:97,0
DA:98,0
DA:99,0
DA:102,0
DA:103,0
DA:104,0
DA:108,0
DA:109,0
DA:110,0
DA:114,0
DA:115,0
DA:116,0
DA:117,0
DA:119,0
DA:123,0
DA:124,0
DA:125,0
DA:126,0
DA:142,0
DA:143,0
DA:145,0
DA:147,0
DA:151,0
DA:152,0
DA:156,0
DA:159,0
DA:160,0
DA:170,0
DA:171,0
DA:174,0
DA:175,0
DA:176,0
DA:178,0
DA:182,0
DA:183,0
DA:184,0
DA:186,0
DA:190,0
DA:191,0
DA:192,0
DA:193,0
DA:194,0
DA:195,0
DA:197,0
DA:201,0
DA:202,0
DA:203,0
DA:208,0
DA:209,0
DA:211,0
DA:213,0
DA:217,0
DA:218,0
DA:219,0
DA:224,0
DA:225,0
DA:227,0
DA:231,0
DA:232,0
DA:240,0
DA:244,0
DA:259,0
DA:262,0
DA:264,0
DA:265,0
DA:279,0
DA:298,0
DA:301,0
DA:303,0
DA:309,0
DA:324,0
DA:327,0
DA:329,0
DA:335,0
DA:350,0
DA:353,0
DA:355,0
DA:361,0
DA:377,0
DA:390,0
DA:391,0
DA:402,0
DA:409,0
DA:418,0
DA:419,0
DA:444,0
DA:454,0
DA:466,0
DA:470,0
DA:471,0
DA:483,0
DA:492,0
DA:502,0
DA:503,0
DA:505,0
DA:506,0
DA:507,0
DA:508,0
DA:509,0
DA:510,0
DA:514,0
DA:515,0
DA:516,0
DA:517,0
DA:518,0
DA:519,0
DA:523,0
DA:527,0
DA:561,0
DA:575,0
DA:581,0
DA:584,0
DA:585,0
DA:590,0
DA:594,0
DA:598,0
DA:616,0
DA:626,0
DA:633,0
DA:669,0
DA:677,0
DA:684,0
DA:691,0
DA:705,0
DA:716,0
LF:144
LH:0
BRDA:109,0,0,0
BRDA:109,0,1,0
BRDA:109,1,0,0
BRDA:109,1,1,0
BRDA:109,2,0,0
BRDA:109,2,1,0
BRDA:109,3,0,0
BRDA:109,3,1,0
BRDA:127,4,0,0
BRDA:127,4,1,0
BRDA:128,5,0,0
BRDA:128,5,1,0
BRDA:129,6,0,0
BRDA:129,6,1,0
BRDA:130,7,0,0
BRDA:130,7,1,0
BRDA:131,8,0,0
BRDA:131,8,1,0
BRDA:132,9,0,0
BRDA:132,9,1,0
BRDA:133,10,0,0
BRDA:133,10,1,0
BRDA:134,11,0,0
BRDA:134,11,1,0
BRDA:135,12,0,0
BRDA:135,12,1,0
BRDA:175,13,0,0
BRDA:175,13,1,0
BRDA:183,14,0,0
BRDA:183,14,1,0
BRDA:243,15,0,0
BRDA:243,15,1,0
BRDA:270,16,0,0
BRDA:270,16,1,0
BRDA:377,17,0,0
BRDA:377,17,1,0
BRDA:377,18,0,0
BRDA:377,18,1,0
BRDA:377,18,2,0
BRDA:393,19,0,0
BRDA:393,19,1,0
BRDA:397,20,0,0
BRDA:397,20,1,0
BRDA:432,21,0,0
BRDA:432,21,1,0
BRDA:433,22,0,0
BRDA:433,22,1,0
BRDA:454,23,0,0
BRDA:454,23,1,0
BRDA:456,24,0,0
BRDA:456,24,1,0
BRDA:461,25,0,0
BRDA:461,25,1,0
BRDA:478,26,0,0
BRDA:478,26,1,0
BRDA:506,27,0,0
BRDA:506,27,1,0
BRDA:510,28,0,0
BRDA:510,28,1,0
BRDA:515,29,0,0
BRDA:515,29,1,0
BRDA:515,29,2,0
BRDA:515,29,3,0
BRDA:568,30,0,0
BRDA:568,30,1,0
BRDA:606,31,0,0
BRDA:606,31,1,0
BRDA:639,32,0,0
BRDA:639,32,1,0
BRDA:646,33,0,0
BRDA:646,33,1,0
BRDA:657,34,0,0
BRDA:657,34,1,0
BRF:73
BRH:0
end_of_record
TN:
SF:src/components/ApiKeyManagement.jsx
FN:9,(anonymous_0)
FN:27,(anonymous_1)
FN:32,(anonymous_2)
FN:44,(anonymous_3)
FN:51,(anonymous_4)
FN:68,(anonymous_5)
FN:85,(anonymous_6)
FN:101,(anonymous_7)
FN:102,(anonymous_8)
FN:104,(anonymous_9)
FN:108,(anonymous_10)
FN:109,(anonymous_11)
FN:112,(anonymous_12)
FN:117,(anonymous_13)
FN:128,(anonymous_14)
FN:175,(anonymous_15)
FN:252,(anonymous_16)
FN:252,(anonymous_17)
FN:264,(anonymous_18)
FN:264,(anonymous_19)
FN:276,(anonymous_20)
FN:281,(anonymous_21)
FN:300,(anonymous_22)
FN:300,(anonymous_23)
FN:310,(anonymous_24)
FN:353,(anonymous_25)
FN:364,(anonymous_26)
FN:389,(anonymous_27)
FN:398,(anonymous_28)
FN:426,(anonymous_29)
FN:432,(anonymous_30)
FNF:31
FNH:0
FNDA:0,(anonymous_0)
FNDA:0,(anonymous_1)
FNDA:0,(anonymous_2)
FNDA:0,(anonymous_3)
FNDA:0,(anonymous_4)
FNDA:0,(anonymous_5)
FNDA:0,(anonymous_6)
FNDA:0,(anonymous_7)
FNDA:0,(anonymous_8)
FNDA:0,(anonymous_9)
FNDA:0,(anonymous_10)
FNDA:0,(anonymous_11)
FNDA:0,(anonymous_12)
FNDA:0,(anonymous_13)
FNDA:0,(anonymous_14)
FNDA:0,(anonymous_15)
FNDA:0,(anonymous_16)
FNDA:0,(anonymous_17)
FNDA:0,(anonymous_18)
FNDA:0,(anonymous_19)
FNDA:0,(anonymous_20)
FNDA:0,(anonymous_21)
FNDA:0,(anonymous_22)
FNDA:0,(anonymous_23)
FNDA:0,(anonymous_24)
FNDA:0,(anonymous_25)
FNDA:0,(anonymous_26)
FNDA:0,(anonymous_27)
FNDA:0,(anonymous_28)
FNDA:0,(anonymous_29)
FNDA:0,(anonymous_30)
DA:9,0
DA:10,0
DA:11,0
DA:12,0
DA:13,0
DA:14,0
DA:15,0
DA:18,0
DA:25,0
DA:27,0
DA:28,0
DA:29,0
DA:32,0
DA:33,0
DA:34,0
DA:35,0
DA:36,0
DA:37,0
DA:39,0
DA:41,0
DA:44,0
DA:45,0
DA:46,0
DA:47,0
DA:51,0
DA:52,0
DA:53,0
DA:55,0
DA:56,0
DA:57,0
DA:58,0
DA:59,0
DA:60,0
DA:61,0
DA:63,0
DA:65,0
DA:68,0
DA:69,0
DA:70,0
DA:73,0
DA:74,0
DA:75,0
DA:76,0
DA:77,0
DA:78,0
DA:80,0
DA:82,0
DA:85,0
DA:86,0
DA:87,0
DA:90,0
DA:91,0
DA:92,0
DA:93,0
DA:94,0
DA:96,0
DA:98,0
DA:101,0
DA:102,0
DA:103,0
DA:104,0
DA:108,0
DA:109,0
DA:112,0
DA:117,0
DA:118,0
DA:119,0
DA:128,0
DA:129,0
DA:130,0
DA:138,0
DA:139,0
DA:142,0
DA:149,0
DA:151,0
DA:152,0
DA:165,0
DA:175,0
DA:252,0
DA:264,0
DA:277,0
DA:281,0
DA:300,0
DA:310,0
DA:353,0
DA:364,0
DA:389,0
DA:399,0
DA:426,0
DA:432,0
LF:90
LH:0
BRDA:35,0,0,0
BRDA:35,0,1,0
BRDA:46,1,0,0
BRDA:46,1,1,0
BRDA:56,2,0,0
BRDA:56,2,1,0
BRDA:69,3,0,0
BRDA:69,3,1,0
BRDA:75,4,0,0
BRDA:75,4,1,0
BRDA:86,5,0,0
BRDA:86,5,1,0
BRDA:92,6,0,0
BRDA:92,6,1,0
BRDA:111,7,0,0
BRDA:111,7,1,0
BRDA:118,8,0,0
BRDA:118,8,1,0
BRDA:138,9,0,0
BRDA:138,9,1,0
BRDA:151,10,0,0
BRDA:151,10,1,0
BRDA:151,11,0,0
BRDA:151,11,1,0
BRDA:182,12,0,0
BRDA:182,12,1,0
BRDA:205,13,0,0
BRDA:205,13,1,0
BRDA:221,14,0,0
BRDA:221,14,1,0
BRDA:237,15,0,0
BRDA:237,15,1,0
BRDA:317,16,0,0
BRDA:317,16,1,0
BRDA:317,16,2,0
BRDA:320,17,0,0
BRDA:320,17,1,0
BRDA:329,18,0,0
BRDA:329,18,1,0
BRDA:329,18,2,0
BRDA:380,19,0,0
BRDA:380,19,1,0
BRDA:407,20,0,0
BRDA:407,20,1,0
BRDA:409,21,0,0
BRDA:409,21,1,0
BRDA:418,22,0,0
BRDA:418,22,1,0
BRDA:423,23,0,0
BRDA:423,23,1,0
BRF:50
BRH:0
end_of_record
TN:
SF:src/components/AudioProcessingSystem.jsx
FN:49,(anonymous_0)
FN:76,(anonymous_1)
FN:80,(anonymous_2)
FN:91,(anonymous_3)
FN:109,(anonymous_4)
FN:125,(anonymous_5)
FN:139,(anonymous_6)
FN:145,(anonymous_7)
FN:152,(anonymous_8)
FN:153,(anonymous_9)
FN:160,(anonymous_10)
FN:177,(anonymous_11)
FN:292,(anonymous_12)
FN:329,(anonymous_13)
FN:346,(anonymous_14)
FN:351,(anonymous_15)
FN:353,(anonymous_16)
FN:366,(anonymous_17)
FN:401,(anonymous_18)
FN:416,(anonymous_19)
FN:431,(anonymous_20)
FN:459,(anonymous_21)
FN:475,(anonymous_22)
FN:496,(anonymous_23)
FN:529,(anonymous_24)
FN:548,(anonymous_25)
FN:564,(anonymous_26)
FN:569,(anonymous_27)
FN:598,(anonymous_28)
FN:680,(anonymous_29)
FN:707,(anonymous_30)
FNF:31
FNH:0
FNDA:0,(anonymous_0)
FNDA:0,(anonymous_1)
FNDA:0,(anonymous_2)
FNDA:0,(anonymous_3)
FNDA:0,(anonymous_4)
FNDA:0,(anonymous_5)
FNDA:0,(anonymous_6)
FNDA:0,(anonymous_7)
FNDA:0,(anonymous_8)
FNDA:0,(anonymous_9)
FNDA:0,(anonymous_10)
FNDA:0,(anonymous_11)
FNDA:0,(anonymous_12)
FNDA:0,(anonymous_13)
FNDA:0,(anonymous_14)
FNDA:0,(anonymous_15)
FNDA:0,(anonymous_16)
FNDA:0,(anonymous_17)
FNDA:0,(anonymous_18)
FNDA:0,(anonymous_19)
FNDA:0,(anonymous_20)
FNDA:0,(anonymous_21)
FNDA:0,(anonymous_22)
FNDA:0,(anonymous_23)
FNDA:0,(anonymous_24)
FNDA:0,(anonymous_25)
FNDA:0,(anonymous_26)
FNDA:0,(anonymous_27)
FNDA:0,(anonymous_28)
FNDA:0,(anonymous_29)
FNDA:0,(anonymous_30)
DA:49,0
DA:51,0
DA:52,0
DA:53,0
DA:54,0
DA:55,0
DA:56,0
DA:57,0
DA:58,0
DA:59,0
DA:60,0
DA:76,0
DA:77,0
DA:80,0
DA:81,0
DA:82,0
DA:83,0
DA:84,0
DA:86,0
DA:91,0
DA:92,0
DA:93,0
DA:94,0
DA:95,0
DA:96,0
DA:97,0
DA:101,0
DA:109,0
DA:110,0
DA:111,0
DA:112,0
DA:113,0
DA:116,0
DA:117,0
DA:119,0
DA:121,0
DA:125,0
DA:126,0
DA:128,0
DA:129,0
DA:130,0
DA:131,0
DA:133,0
DA:135,0
DA:139,0
DA:140,0
DA:141,0
DA:145,0
DA:146,0
DA:147,0
DA:152,0
DA:153,0
DA:154,0
DA:155,0
DA:156,0
DA:157,0
DA:160,0
DA:161,0
DA:162,0
DA:163,0
DA:164,0
DA:167,0
DA:177,0
DA:178,0
DA:292,0
DA:293,0
DA:329,0
DA:346,0
DA:352,0
DA:353,0
DA:366,0
DA:401,0
DA:416,0
DA:431,0
DA:459,0
DA:475,0
DA:496,0
DA:529,0
DA:548,0
DA:564,0
DA:570,0
DA:598,0
DA:599,0
DA:682,0
DA:696,0
DA:707,0
LF:86
LH:0
BRDA:93,0,0,0
BRDA:93,0,1,0
BRDA:126,1,0,0
BRDA:126,1,1,0
BRDA:140,2,0,0
BRDA:140,2,1,0
BRDA:146,3,0,0
BRDA:146,3,1,0
BRDA:154,4,0,0
BRDA:154,4,1,0
BRDA:155,5,0,0
BRDA:155,5,1,0
BRDA:156,6,0,0
BRDA:156,6,1,0
BRDA:161,7,0,0
BRDA:161,7,1,0
BRDA:162,8,0,0
BRDA:162,8,1,0
BRDA:163,9,0,0
BRDA:163,9,1,0
BRDA:191,10,0,0
BRDA:191,10,1,0
BRDA:192,11,0,0
BRDA:192,11,1,0
BRDA:201,12,0,0
BRDA:201,12,1,0
BRDA:212,13,0,0
BRDA:212,13,1,0
BRDA:222,14,0,0
BRDA:222,14,1,0
BRDA:232,15,0,0
BRDA:232,15,1,0
BRDA:247,16,0,0
BRDA:247,16,1,0
BRDA:272,17,0,0
BRDA:272,17,1,0
BRDA:275,18,0,0
BRDA:275,18,1,0
BRDA:278,19,0,0
BRDA:278,19,1,0
BRDA:278,19,2,0
BRDA:339,20,0,0
BRDA:339,20,1,0
BRDA:587,21,0,0
BRDA:587,21,1,0
BRDA:588,22,0,0
BRDA:588,22,1,0
BRDA:590,23,0,0
BRDA:590,23,1,0
BRDA:606,24,0,0
BRDA:606,24,1,0
BRDA:632,25,0,0
BRDA:632,25,1,0
BRDA:650,26,0,0
BRDA:650,26,1,0
BRDA:653,27,0,0
BRDA:653,27,1,0
BRDA:656,28,0,0
BRDA:656,28,1,0
BRDA:659,29,0,0
BRDA:659,29,1,0
BRDA:714,30,0,0
BRDA:714,30,1,0
BRDA:715,31,0,0
BRDA:715,31,1,0
BRDA:716,32,0,0
BRDA:716,32,1,0
BRF:67
BRH:0
end_of_record
TN:
SF:src/components/BackupManagement.jsx
FN:8,(anonymous_0)
FN:17,(anonymous_1)
FN:21,(anonymous_2)
FN:24,(anonymous_3)
FN:38,(anonymous_4)
FN:55,(anonymous_5)
FN:63,(anonymous_6)
FN:68,(anonymous_7)
FN:85,(anonymous_8)
FN:188,(anonymous_9)
FN:200,(anonymous_10)
FN:334,(anonymous_11)
FNF:12
FNH:0
FNDA:0,(anonymous_0)
FNDA:0,(anonymous_1)
FNDA:0,(anonymous_2)
FNDA:0,(anonymous_3)
FNDA:0,(anonymous_4)
FNDA:0,(anonymous_5)
FNDA:0,(anonymous_6)
FNDA:0,(anonymous_7)
FNDA:0,(anonymous_8)
FNDA:0,(anonymous_9)
FNDA:0,(anonymous_10)
FNDA:0,(anonymous_11)
DA:8,0
DA:9,0
DA:10,0
DA:11,0
DA:12,0
DA:13,0
DA:14,0
DA:15,0
DA:17,0
DA:18,0
DA:20,0
DA:21,0
DA:24,0
DA:25,0
DA:26,0
DA:27,0
DA:28,0
DA:29,0
DA:31,0
DA:32,0
DA:34,0
DA:38,0
DA:39,0
DA:40,0
DA:42,0
DA:43,0
DA:45,0
DA:46,0
DA:48,0
DA:49,0
DA:51,0
DA:55,0
DA:56,0
DA:57,0
DA:58,0
DA:59,0
DA:60,0
DA:63,0
DA:64,0
DA:65,0
DA:68,0
DA:69,0
DA:73,0
DA:76,0
DA:79,0
DA:81,0
DA:85,0
DA:86,0
DA:105,0
DA:106,0
DA:118,0
DA:119,0
DA:137,0
DA:138,0
DA:139,0
DA:141,0
DA:188,0
DA:200,0
DA:335,0
LF:59
LH:0
BRDA:46,0,0,0
BRDA:46,0,1,0
BRDA:56,1,0,0
BRDA:56,1,1,0
BRDA:64,2,0,0
BRDA:64,2,1,0
BRDA:69,3,0,0
BRDA:69,3,1,0
BRDA:69,3,2,0
BRDA:69,3,3,0
BRDA:69,3,4,0
BRDA:69,3,5,0
BRDA:69,3,6,0
BRDA:69,3,7,0
BRDA:93,4,0,0
BRDA:93,4,1,0
BRDA:99,5,0,0
BRDA:99,5,1,0
BRDA:105,6,0,0
BRDA:105,6,1,0
BRDA:105,7,0,0
BRDA:105,7,1,0
BRDA:118,8,0,0
BRDA:118,8,1,0
BRDA:118,9,0,0
BRDA:118,9,1,0
BRDA:137,10,0,0
BRDA:137,10,1,0
BRDA:138,11,0,0
BRDA:138,11,1,0
BRDA:139,12,0,0
BRDA:139,12,1,0
BRDA:154,13,0,0
BRDA:154,13,1,0
BRDA:164,14,0,0
BRDA:164,14,1,0
BRDA:170,15,0,0
BRDA:170,15,1,0
BRDA:213,16,0,0
BRDA:213,16,1,0
BRDA:230,17,0,0
BRDA:230,17,1,0
BRDA:231,18,0,0
BRDA:231,18,1,0
BRDA:231,19,0,0
BRDA:231,19,1,0
BRDA:236,20,0,0
BRDA:236,20,1,0
BRDA:237,21,0,0
BRDA:237,21,1,0
BRDA:242,22,0,0
BRDA:242,22,1,0
BRDA:243,23,0,0
BRDA:243,23,1,0
BRDA:248,24,0,0
BRDA:248,24,1,0
BRDA:265,25,0,0
BRDA:265,25,1,0
BRDA:266,26,0,0
BRDA:266,26,1,0
BRDA:271,27,0,0
BRDA:271,27,1,0
BRDA:272,28,0,0
BRDA:272,28,1,0
BRDA:277,29,0,0
BRDA:277,29,1,0
BRDA:278,30,0,0
BRDA:278,30,1,0
BRDA:306,31,0,0
BRDA:306,31,1,0
BRDA:314,32,0,0
BRDA:314,32,1,0
BRDA:314,32,2,0
BRDA:350,33,0,0
BRDA:350,33,1,0
BRDA:354,34,0,0
BRDA:354,34,1,0
BRF:77
BRH:0
end_of_record
TN:
SF:src/components/BatchUpload.jsx
FN:9,(anonymous_0)
FN:10,(anonymous_1)
FN:14,(anonymous_2)
FNF:3
FNH:0
FNDA:0,(anonymous_0)
FNDA:0,(anonymous_1)
FNDA:0,(anonymous_2)
DA:9,0
DA:10,0
DA:11,0
DA:14,0
DA:15,0
DA:18,0
LF:6
LH:0
BRF:0
BRH:0
end_of_record
TN:
SF:src/components/ChunkedUploadComponent.jsx
FN:12,(anonymous_0)
FN:26,(anonymous_1)
FN:27,(anonymous_2)
FN:32,(anonymous_3)
FN:33,(anonymous_4)
FN:49,(anonymous_5)
FN:71,(anonymous_6)
FN:75,(anonymous_7)
FN:76,(anonymous_8)
FN:76,(anonymous_9)
FN:111,(anonymous_10)
FN:112,(anonymous_11)
FN:112,(anonymous_12)
FN:135,(anonymous_13)
FN:135,(anonymous_14)
FN:151,(anonymous_15)
FN:151,(anonymous_16)
FN:166,(anonymous_17)
FN:167,(anonymous_18)
FN:171,(anonymous_19)
FN:171,(anonymous_20)
FN:177,(anonymous_21)
FN:178,(anonymous_22)
FN:178,(anonymous_23)
FN:195,(anonymous_24)
FN:195,(anonymous_25)
FN:204,(anonymous_26)
FN:204,(anonymous_27)
FN:214,(anonymous_28)
FN:217,(anonymous_29)
FN:217,(anonymous_30)
FN:223,(anonymous_31)
FN:224,(anonymous_32)
FN:224,(anonymous_33)
FN:227,(anonymous_34)
FN:236,(anonymous_35)
FN:241,(anonymous_36)
FN:246,(anonymous_37)
FN:256,(anonymous_38)
FN:270,(anonymous_39)
FN:292,(anonymous_40)
FN:296,(anonymous_41)
FN:297,(anonymous_42)
FN:298,(anonymous_43)
FN:361,(anonymous_44)
FN:362,(anonymous_45)
FN:376,(anonymous_46)
FNF:47
FNH:0
FNDA:0,(anonymous_0)
FNDA:0,(anonymous_1)
FNDA:0,(anonymous_2)
FNDA:0,(anonymous_3)
FNDA:0,(anonymous_4)
FNDA:0,(anonymous_5)
FNDA:0,(anonymous_6)
FNDA:0,(anonymous_7)
FNDA:0,(anonymous_8)
FNDA:0,(anonymous_9)
FNDA:0,(anonymous_10)
FNDA:0,(anonymous_11)
FNDA:0,(anonymous_12)
FNDA:0,(anonymous_13)
FNDA:0,(anonymous_14)
FNDA:0,(anonymous_15)
FNDA:0,(anonymous_16)
FNDA:0,(anonymous_17)
FNDA:0,(anonymous_18)
FNDA:0,(anonymous_19)
FNDA:0,(anonymous_20)
FNDA:0,(anonymous_21)
FNDA:0,(anonymous_22)
FNDA:0,(anonymous_23)
FNDA:0,(anonymous_24)
FNDA:0,(anonymous_25)
FNDA:0,(anonymous_26)
FNDA:0,(anonymous_27)
FNDA:0,(anonymous_28)
FNDA:0,(anonymous_29)
FNDA:0,(anonymous_30)
FNDA:0,(anonymous_31)
FNDA:0,(anonymous_32)
FNDA:0,(anonymous_33)
FNDA:0,(anonymous_34)
FNDA:0,(anonymous_35)
FNDA:0,(anonymous_36)
FNDA:0,(anonymous_37)
FNDA:0,(anonymous_38)
FNDA:0,(anonymous_39)
FNDA:0,(anonymous_40)
FNDA:0,(anonymous_41)
FNDA:0,(anonymous_42)
FNDA:0,(anonymous_43)
FNDA:0,(anonymous_44)
FNDA:0,(anonymous_45)
FNDA:0,(anonymous_46)
DA:12,0
DA:21,0
DA:22,0
DA:23,0
DA:26,0
DA:27,0
DA:28,0
DA:32,0
DA:33,0
DA:35,0
DA:36,0
DA:37,0
DA:40,0
DA:41,0
DA:42,0
DA:45,0
DA:49,0
DA:50,0
DA:52,0
DA:55,0
DA:71,0
DA:72,0
DA:75,0
DA:76,0
DA:77,0
DA:78,0
DA:85,0
DA:86,0
DA:87,0
DA:91,0
DA:92,0
DA:93,0
DA:94,0
DA:95,0
DA:96,0
DA:97,0
DA:98,0
DA:99,0
DA:100,0
DA:103,0
DA:105,0
DA:108,0
DA:111,0
DA:112,0
DA:113,0
DA:114,0
DA:121,0
DA:124,0
DA:128,0
DA:135,0
DA:136,0
DA:137,0
DA:144,0
DA:147,0
DA:151,0
DA:152,0
DA:153,0
DA:159,0
DA:162,0
DA:166,0
DA:167,0
DA:168,0
DA:170,0
DA:171,0
DA:172,0
DA:177,0
DA:178,0
DA:179,0
DA:180,0
DA:186,0
DA:190,0
DA:195,0
DA:196,0
DA:201,0
DA:204,0
DA:205,0
DA:210,0
DA:214,0
DA:215,0
DA:216,0
DA:217,0
DA:219,0
DA:223,0
DA:224,0
DA:227,0
DA:228,0
DA:230,0
DA:231,0
DA:232,0
DA:236,0
DA:237,0
DA:238,0
DA:241,0
DA:242,0
DA:243,0
DA:246,0
DA:247,0
DA:248,0
DA:250,0
DA:251,0
DA:252,0
DA:256,0
DA:257,0
DA:258,0
DA:262,0
DA:270,0
DA:293,0
DA:296,0
DA:297,0
DA:298,0
DA:361,0
DA:362,0
DA:363,0
DA:365,0
DA:367,0
DA:370,0
DA:372,0
DA:376,0
DA:377,0
DA:379,0
DA:381,0
DA:383,0
DA:385,0
DA:387,0
DA:391,0
LF:125
LH:0
BRDA:17,0,0,0
BRDA:18,1,0,0
BRDA:19,2,0,0
BRDA:35,3,0,0
BRDA:35,3,1,0
BRDA:36,4,0,0
BRDA:36,4,1,0
BRDA:40,5,0,0
BRDA:40,5,1,0
BRDA:41,6,0,0
BRDA:41,6,1,0
BRDA:49,7,0,0
BRDA:49,8,0,0
BRDA:72,9,0,0
BRDA:72,9,1,0
BRDA:77,10,0,0
BRDA:77,10,1,0
BRDA:80,11,0,0
BRDA:80,11,1,0
BRDA:81,12,0,0
BRDA:81,12,1,0
BRDA:85,13,0,0
BRDA:85,13,1,0
BRDA:85,14,0,0
BRDA:85,14,1,0
BRDA:91,15,0,0
BRDA:91,15,1,0
BRDA:94,16,0,0
BRDA:94,16,1,0
BRDA:98,17,0,0
BRDA:98,17,1,0
BRDA:108,18,0,0
BRDA:108,18,1,0
BRDA:113,19,0,0
BRDA:113,19,1,0
BRDA:124,20,0,0
BRDA:124,20,1,0
BRDA:136,21,0,0
BRDA:136,21,1,0
BRDA:147,22,0,0
BRDA:147,22,1,0
BRDA:152,23,0,0
BRDA:152,23,1,0
BRDA:162,24,0,0
BRDA:162,24,1,0
BRDA:168,25,0,0
BRDA:168,25,1,0
BRDA:172,26,0,0
BRDA:172,26,1,0
BRDA:179,27,0,0
BRDA:179,27,1,0
BRDA:182,28,0,0
BRDA:182,28,1,0
BRDA:183,29,0,0
BRDA:183,29,1,0
BRDA:196,30,0,0
BRDA:196,30,1,0
BRDA:201,31,0,0
BRDA:201,31,1,0
BRDA:205,32,0,0
BRDA:205,32,1,0
BRDA:210,33,0,0
BRDA:210,33,1,0
BRDA:228,34,0,0
BRDA:228,34,1,0
BRDA:228,35,0,0
BRDA:228,35,1,0
BRDA:251,36,0,0
BRDA:251,36,1,0
BRDA:257,37,0,0
BRDA:257,37,1,0
BRDA:266,38,0,0
BRDA:266,38,1,0
BRDA:289,39,0,0
BRDA:289,39,1,0
BRDA:363,40,0,0
BRDA:363,40,1,0
BRDA:363,40,2,0
BRDA:363,40,3,0
BRDA:363,40,4,0
BRDA:377,41,0,0
BRDA:377,41,1,0
BRDA:377,41,2,0
BRDA:377,41,3,0
BRDA:377,41,4,0
BRDA:385,42,0,0
BRDA:385,42,1,0
BRDA:400,43,0,0
BRDA:400,43,1,0
BRDA:406,44,0,0
BRDA:406,44,1,0
BRDA:406,44,2,0
BRDA:412,45,0,0
BRDA:412,45,1,0
BRDA:412,45,2,0
BRDA:418,46,0,0
BRDA:418,46,1,0
BRDA:418,46,2,0
BRDA:437,47,0,0
BRDA:437,47,1,0
BRDA:440,48,0,0
BRDA:440,48,1,0
BRDA:445,49,0,0
BRDA:445,49,1,0
BRDA:445,49,2,0
BRF:105
BRH:0
end_of_record
TN:
SF:src/components/DevTools.jsx
FN:5,(anonymous_0)
FN:25,(anonymous_1)
FN:41,(anonymous_2)
FN:53,(anonymous_3)
FN:66,(anonymous_4)
FN:86,(anonymous_5)
FN:95,(anonymous_6)
FN:101,(anonymous_7)
FNF:8
FNH:0
FNDA:0,(anonymous_0)
FNDA:0,(anonymous_1)
FNDA:0,(anonymous_2)
FNDA:0,(anonymous_3)
FNDA:0,(anonymous_4)
FNDA:0,(anonymous_5)
FNDA:0,(anonymous_6)
FNDA:0,(anonymous_7)
DA:5,0
DA:6,0
DA:9,0
DA:10,0
DA:13,0
DA:21,0
DA:25,0
DA:41,0
DA:54,0
DA:67,0
DA:87,0
DA:88,0
DA:95,0
DA:102,0
DA:108,0
LF:15
LH:0
BRDA:9,0,0,0
BRDA:9,0,1,0
BRDA:9,1,0,0
BRDA:9,1,1,0
BRDA:17,2,0,0
BRDA:17,2,1,0
BRDA:33,3,0,0
BRDA:33,3,1,0
BRDA:70,4,0,0
BRDA:70,4,1,0
BRDA:74,5,0,0
BRDA:74,5,1,0
BRF:12
BRH:0
end_of_record
TN:
SF:src/components/DragDropUpload.jsx
FNF:0
FNH:0
LF:0
LH:0
BRF:0
BRH:0
end_of_record
TN:
SF:src/components/EnhancedProgressBar.jsx
FN:14,(anonymous_0)
FN:29,(anonymous_1)
FN:40,(anonymous_2)
FN:51,(anonymous_3)
FN:55,(anonymous_4)
FN:61,(anonymous_5)
FN:85,(anonymous_6)
FN:103,(anonymous_7)
FN:120,(anonymous_8)
FN:124,(anonymous_9)
FN:131,(anonymous_10)
FN:142,(anonymous_11)
FNF:12
FNH:0
FNDA:0,(anonymous_0)
FNDA:0,(anonymous_1)
FNDA:0,(anonymous_2)
FNDA:0,(anonymous_3)
FNDA:0,(anonymous_4)
FNDA:0,(anonymous_5)
FNDA:0,(anonymous_6)
FNDA:0,(anonymous_7)
FNDA:0,(anonymous_8)
FNDA:0,(anonymous_9)
FNDA:0,(anonymous_10)
FNDA:0,(anonymous_11)
DA:14,0
DA:22,0
DA:23,0
DA:24,0
DA:25,0
DA:26,0
DA:27,0
DA:29,0
DA:30,0
DA:33,0
DA:34,0
DA:35,0
DA:36,0
DA:40,0
DA:41,0
DA:42,0
DA:43,0
DA:46,0
DA:47,0
DA:51,0
DA:52,0
DA:55,0
DA:56,0
DA:57,0
DA:61,0
DA:63,0
DA:64,0
DA:66,0
DA:67,0
DA:70,0
DA:81,0
DA:82,0
DA:85,0
DA:86,0
DA:88,0
DA:90,0
DA:92,0
DA:94,0
DA:97,0
DA:99,0
DA:103,0
DA:104,0
DA:106,0
DA:108,0
DA:110,0
DA:112,0
DA:114,0
DA:116,0
DA:120,0
DA:121,0
DA:124,0
DA:125,0
DA:127,0
DA:128,0
DA:131,0
DA:132,0
DA:134,0
DA:142,0
DA:143,0
DA:145,0
DA:152,0
DA:153,0
DA:172,0
LF:63
LH:0
BRDA:16,0,0,0
BRDA:17,1,0,0
BRDA:18,2,0,0
BRDA:19,3,0,0
BRDA:20,4,0,0
BRDA:30,5,0,0
BRDA:30,5,1,0
BRDA:34,6,0,0
BRDA:34,6,1,0
BRDA:41,7,0,0
BRDA:41,7,1,0
BRDA:63,8,0,0
BRDA:63,8,1,0
BRDA:63,9,0,0
BRDA:63,9,1,0
BRDA:66,10,0,0
BRDA:66,10,1,0
BRDA:71,11,0,0
BRDA:71,11,1,0
BRDA:81,12,0,0
BRDA:81,12,1,0
BRDA:81,13,0,0
BRDA:81,13,1,0
BRDA:81,13,2,0
BRDA:86,14,0,0
BRDA:86,14,1,0
BRDA:86,14,2,0
BRDA:86,14,3,0
BRDA:86,14,4,0
BRDA:86,14,5,0
BRDA:86,14,6,0
BRDA:104,15,0,0
BRDA:104,15,1,0
BRDA:104,15,2,0
BRDA:104,15,3,0
BRDA:104,15,4,0
BRDA:104,15,5,0
BRDA:125,16,0,0
BRDA:125,16,1,0
BRDA:128,17,0,0
BRDA:128,17,1,0
BRDA:132,18,0,0
BRDA:132,18,1,0
BRDA:132,19,0,0
BRDA:132,19,1,0
BRDA:143,20,0,0
BRDA:143,20,1,0
BRDA:152,21,0,0
BRDA:152,21,1,0
BRDA:182,22,0,0
BRDA:182,22,1,0
BRDA:194,23,0,0
BRDA:194,23,1,0
BRDA:194,23,2,0
BRDA:216,24,0,0
BRDA:216,24,1,0
BRDA:216,24,2,0
BRDA:225,25,0,0
BRDA:225,25,1,0
BRDA:230,26,0,0
BRDA:230,26,1,0
BRDA:237,27,0,0
BRDA:237,27,1,0
BRDA:246,28,0,0
BRDA:246,28,1,0
BRF:65
BRH:0
end_of_record
TN:
SF:src/components/ErrorBoundary.jsx
FN:6,(anonymous_0)
FN:11,(anonymous_1)
FN:15,(anonymous_2)
FN:27,(anonymous_3)
FN:31,(anonymous_4)
FN:35,(anonymous_5)
FNF:6
FNH:6
FNDA:40,(anonymous_0)
FNDA:34,(anonymous_1)
FNDA:17,(anonymous_2)
FNDA:1,(anonymous_3)
FNDA:1,(anonymous_4)
FNDA:95,(anonymous_5)
DA:7,40
DA:8,39
DA:12,34
DA:16,17
DA:22,17
DA:23,0
DA:27,39
DA:28,1
DA:31,39
DA:32,1
DA:36,95
DA:37,52
DA:83,43
LF:13
LH:12
BRDA:22,0,0,0
BRDA:22,0,1,17
BRDA:36,1,0,52
BRDA:36,1,1,43
BRDA:51,2,0,52
BRDA:51,2,1,0
BRDA:51,2,2,0
BRF:7
BRH:4
end_of_record
TN:
SF:src/components/JobAdministration.jsx
FN:8,(anonymous_0)
FN:19,(anonymous_1)
FN:23,(anonymous_2)
FN:26,(anonymous_3)
FN:42,(anonymous_4)
FN:52,(anonymous_5)
FN:72,(anonymous_6)
FN:86,(anonymous_7)
FN:91,(anonymous_8)
FN:117,(anonymous_9)
FN:118,(anonymous_10)
FN:121,(anonymous_11)
FN:143,(anonymous_12)
FN:150,(anonymous_13)
FN:158,(anonymous_14)
FN:165,(anonymous_15)
FN:175,(anonymous_16)
FN:235,(anonymous_17)
FN:241,(anonymous_18)
FN:248,(anonymous_19)
FN:256,(anonymous_20)
FN:268,(anonymous_21)
FN:279,(anonymous_22)
FN:289,(anonymous_23)
FN:356,(anonymous_24)
FN:363,(anonymous_25)
FN:386,(anonymous_26)
FN:392,(anonymous_27)
FN:398,(anonymous_28)
FN:428,(anonymous_29)
FN:442,(anonymous_30)
FNF:31
FNH:0
FNDA:0,(anonymous_0)
FNDA:0,(anonymous_1)
FNDA:0,(anonymous_2)
FNDA:0,(anonymous_3)
FNDA:0,(anonymous_4)
FNDA:0,(anonymous_5)
FNDA:0,(anonymous_6)
FNDA:0,(anonymous_7)
FNDA:0,(anonymous_8)
FNDA:0,(anonymous_9)
FNDA:0,(anonymous_10)
FNDA:0,(anonymous_11)
FNDA:0,(anonymous_12)
FNDA:0,(anonymous_13)
FNDA:0,(anonymous_14)
FNDA:0,(anonymous_15)
FNDA:0,(anonymous_16)
FNDA:0,(anonymous_17)
FNDA:0,(anonymous_18)
FNDA:0,(anonymous_19)
FNDA:0,(anonymous_20)
FNDA:0,(anonymous_21)
FNDA:0,(anonymous_22)
FNDA:0,(anonymous_23)
FNDA:0,(anonymous_24)
FNDA:0,(anonymous_25)
FNDA:0,(anonymous_26)
FNDA:0,(anonymous_27)
FNDA:0,(anonymous_28)
FNDA:0,(anonymous_29)
FNDA:0,(anonymous_30)
DA:8,0
DA:9,0
DA:10,0
DA:11,0
DA:12,0
DA:13,0
DA:14,0
DA:15,0
DA:16,0
DA:17,0
DA:19,0
DA:20,0
DA:22,0
DA:23,0
DA:26,0
DA:27,0
DA:28,0
DA:29,0
DA:30,0
DA:31,0
DA:32,0
DA:33,0
DA:35,0
DA:36,0
DA:38,0
DA:42,0
DA:43,0
DA:47,0
DA:49,0
DA:52,0
DA:53,0
DA:55,0
DA:58,0
DA:61,0
DA:64,0
DA:66,0
DA:68,0
DA:72,0
DA:73,0
DA:74,0
DA:76,0
DA:78,0
DA:80,0
DA:81,0
DA:82,0
DA:86,0
DA:87,0
DA:88,0
DA:91,0
DA:92,0
DA:93,0
DA:96,0
DA:97,0
DA:100,0
DA:101,0
DA:103,0
DA:104,0
DA:105,0
DA:107,0
DA:109,0
DA:112,0
DA:113,0
DA:117,0
DA:118,0
DA:121,0
DA:122,0
DA:143,0
DA:150,0
DA:158,0
DA:165,0
DA:175,0
DA:176,0
DA:235,0
DA:241,0
DA:248,0
DA:256,0
DA:268,0
DA:269,0
DA:270,0
DA:272,0
DA:279,0
DA:289,0
DA:300,0
DA:301,0
DA:313,0
DA:356,0
DA:363,0
DA:386,0
DA:392,0
DA:398,0
DA:429,0
DA:442,0
LF:92
LH:0
BRDA:31,0,0,0
BRDA:31,0,1,0
BRDA:32,1,0,0
BRDA:32,1,1,0
BRDA:43,2,0,0
BRDA:43,2,1,0
BRDA:43,2,2,0
BRDA:47,3,0,0
BRDA:47,3,1,0
BRDA:49,4,0,0
BRDA:49,4,1,0
BRDA:53,5,0,0
BRDA:53,5,1,0
BRDA:53,5,2,0
BRDA:53,5,3,0
BRDA:53,5,4,0
BRDA:53,5,5,0
BRDA:53,5,6,0
BRDA:53,5,7,0
BRDA:53,5,8,0
BRDA:73,6,0,0
BRDA:73,6,1,0
BRDA:73,6,2,0
BRDA:73,6,3,0
BRDA:73,6,4,0
BRDA:73,6,5,0
BRDA:73,6,6,0
BRDA:73,6,7,0
BRDA:73,6,8,0
BRDA:87,7,0,0
BRDA:87,7,1,0
BRDA:93,8,0,0
BRDA:93,8,1,0
BRDA:93,8,2,0
BRDA:93,8,3,0
BRDA:103,9,0,0
BRDA:103,9,1,0
BRDA:128,10,0,0
BRDA:128,10,1,0
BRDA:137,11,0,0
BRDA:137,11,1,0
BRDA:138,12,0,0
BRDA:138,12,1,0
BRDA:148,13,0,0
BRDA:148,13,1,0
BRDA:156,14,0,0
BRDA:156,14,1,0
BRDA:202,15,0,0
BRDA:202,15,1,0
BRDA:203,16,0,0
BRDA:203,16,1,0
BRDA:205,17,0,0
BRDA:205,17,1,0
BRDA:212,18,0,0
BRDA:212,18,1,0
BRDA:213,19,0,0
BRDA:213,19,1,0
BRDA:214,20,0,0
BRDA:214,20,1,0
BRDA:215,21,0,0
BRDA:215,21,1,0
BRDA:216,22,0,0
BRDA:216,22,1,0
BRDA:217,23,0,0
BRDA:217,23,1,0
BRDA:222,24,0,0
BRDA:222,24,1,0
BRDA:246,25,0,0
BRDA:246,25,1,0
BRDA:254,26,0,0
BRDA:254,26,1,0
BRDA:300,27,0,0
BRDA:300,27,1,0
BRDA:300,28,0,0
BRDA:300,28,1,0
BRDA:326,29,0,0
BRDA:326,29,1,0
BRDA:336,30,0,0
BRDA:336,30,1,0
BRDA:342,31,0,0
BRDA:342,31,1,0
BRDA:408,32,0,0
BRDA:408,32,1,0
BRDA:415,33,0,0
BRDA:415,33,1,0
BRDA:418,34,0,0
BRDA:418,34,1,0
BRDA:434,35,0,0
BRDA:434,35,1,0
BRDA:439,36,0,0
BRDA:439,36,1,0
BRF:91
BRH:0
end_of_record
TN:
SF:src/components/JobList.jsx
FN:5,(anonymous_0)
FN:13,(anonymous_1)
FN:29,(anonymous_2)
FN:43,(anonymous_3)
FN:58,(anonymous_4)
FN:59,(anonymous_5)
FN:76,(anonymous_6)
FN:84,(anonymous_7)
FN:89,(anonymous_8)
FN:97,(anonymous_9)
FN:105,(anonymous_10)
FN:117,(anonymous_11)
FN:155,(anonymous_12)
FN:171,(anonymous_13)
FN:191,(anonymous_14)
FN:201,(anonymous_15)
FN:222,(anonymous_16)
FN:222,(anonymous_17)
FN:232,(anonymous_18)
FN:232,(anonymous_19)
FNF:20
FNH:0
FNDA:0,(anonymous_0)
FNDA:0,(anonymous_1)
FNDA:0,(anonymous_2)
FNDA:0,(anonymous_3)
FNDA:0,(anonymous_4)
FNDA:0,(anonymous_5)
FNDA:0,(anonymous_6)
FNDA:0,(anonymous_7)
FNDA:0,(anonymous_8)
FNDA:0,(anonymous_9)
FNDA:0,(anonymous_10)
FNDA:0,(anonymous_11)
FNDA:0,(anonymous_12)
FNDA:0,(anonymous_13)
FNDA:0,(anonymous_14)
FNDA:0,(anonymous_15)
FNDA:0,(anonymous_16)
FNDA:0,(anonymous_17)
FNDA:0,(anonymous_18)
FNDA:0,(anonymous_19)
DA:5,0
DA:6,0
DA:7,0
DA:8,0
DA:9,0
DA:10,0
DA:13,0
DA:14,0
DA:15,0
DA:16,0
DA:17,0
DA:18,0
DA:22,0
DA:23,0
DA:24,0
DA:27,0
DA:29,0
DA:30,0
DA:32,0
DA:34,0
DA:37,0
DA:39,0
DA:43,0
DA:44,0
DA:46,0
DA:48,0
DA:50,0
DA:52,0
DA:54,0
DA:58,0
DA:59,0
DA:60,0
DA:61,0
DA:62,0
DA:63,0
DA:64,0
DA:65,0
DA:66,0
DA:67,0
DA:68,0
DA:69,0
DA:71,0
DA:73,0
DA:76,0
DA:77,0
DA:78,0
DA:79,0
DA:84,0
DA:85,0
DA:86,0
DA:89,0
DA:90,0
DA:91,0
DA:92,0
DA:94,0
DA:97,0
DA:98,0
DA:99,0
DA:100,0
DA:105,0
DA:106,0
DA:107,0
DA:110,0
DA:111,0
DA:118,0
DA:128,0
DA:129,0
DA:144,0
DA:156,0
DA:157,0
DA:172,0
DA:191,0
DA:201,0
DA:222,0
DA:232,0
LF:75
LH:0
BRDA:5,0,0,0
BRDA:5,1,0,0
BRDA:14,2,0,0
BRDA:14,2,1,0
BRDA:15,3,0,0
BRDA:15,3,1,0
BRDA:16,4,0,0
BRDA:16,4,1,0
BRDA:16,5,0,0
BRDA:16,5,1,0
BRDA:17,6,0,0
BRDA:17,6,1,0
BRDA:24,7,0,0
BRDA:24,7,1,0
BRDA:30,8,0,0
BRDA:30,8,1,0
BRDA:30,8,2,0
BRDA:30,8,3,0
BRDA:30,8,4,0
BRDA:44,9,0,0
BRDA:44,9,1,0
BRDA:44,9,2,0
BRDA:44,9,3,0
BRDA:44,9,4,0
BRDA:65,10,0,0
BRDA:65,10,1,0
BRDA:71,11,0,0
BRDA:71,11,1,0
BRDA:85,12,0,0
BRDA:85,12,1,0
BRDA:92,13,0,0
BRDA:92,13,1,0
BRDA:106,14,0,0
BRDA:106,14,1,0
BRDA:110,15,0,0
BRDA:110,15,1,0
BRDA:128,16,0,0
BRDA:128,16,1,0
BRDA:128,17,0,0
BRDA:128,17,1,0
BRDA:151,18,0,0
BRDA:151,18,1,0
BRDA:179,19,0,0
BRDA:179,19,1,0
BRDA:189,20,0,0
BRDA:189,20,1,0
BRDA:215,21,0,0
BRDA:215,21,1,0
BRDA:215,21,2,0
BRF:49
BRH:0
end_of_record
TN:
SF:src/components/Layout.jsx
FN:23,(anonymous_0)
FN:30,(anonymous_1)
FN:35,(anonymous_2)
FN:39,(anonymous_3)
FN:44,(anonymous_4)
FN:65,(anonymous_5)
FN:75,(anonymous_6)
FN:97,(anonymous_7)
FN:107,(anonymous_8)
FN:120,(anonymous_9)
FN:136,(anonymous_10)
FN:149,(anonymous_11)
FN:194,(anonymous_12)
FNF:13
FNH:0
FNDA:0,(anonymous_0)
FNDA:0,(anonymous_1)
FNDA:0,(anonymous_2)
FNDA:0,(anonymous_3)
FNDA:0,(anonymous_4)
FNDA:0,(anonymous_5)
FNDA:0,(anonymous_6)
FNDA:0,(anonymous_7)
FNDA:0,(anonymous_8)
FNDA:0,(anonymous_9)
FNDA:0,(anonymous_10)
FNDA:0,(anonymous_11)
FNDA:0,(anonymous_12)
DA:23,0
DA:24,0
DA:25,0
DA:26,0
DA:27,0
DA:28,0
DA:30,0
DA:31,0
DA:32,0
DA:35,0
DA:36,0
DA:39,0
DA:40,0
DA:41,0
DA:44,0
DA:45,0
DA:48,0
DA:57,0
DA:65,0
DA:66,0
DA:69,0
DA:75,0
DA:97,0
DA:108,0
DA:109,0
DA:120,0
DA:137,0
DA:138,0
DA:149,0
DA:194,0
LF:30
LH:0
BRDA:66,0,0,0
BRDA:66,0,1,0
BRDA:72,1,0,0
BRDA:72,1,1,0
BRDA:84,2,0,0
BRDA:84,2,1,0
BRDA:115,3,0,0
BRDA:115,3,1,0
BRDA:129,4,0,0
BRDA:129,4,1,0
BRDA:144,5,0,0
BRDA:144,5,1,0
BRDA:168,6,0,0
BRDA:168,6,1,0
BRF:14
BRH:0
end_of_record
TN:
SF:src/components/LoadingSpinner.jsx
FN:3,(anonymous_0)
FNF:1
FNH:1
FNDA:29,(anonymous_0)
DA:3,1
DA:4,29
DA:10,29
LF:3
LH:3
BRDA:3,0,0,21
BRDA:3,1,0,13
BRDA:13,2,0,29
BRDA:13,2,1,26
BRF:4
BRH:4
end_of_record
TN:
SF:src/components/LogoutConfirmation.jsx
FN:4,(anonymous_0)
FN:7,(anonymous_1)
FNF:2
FNH:0
FNDA:0,(anonymous_0)
FNDA:0,(anonymous_1)
DA:4,0
DA:5,0
DA:7,0
DA:8,0
DA:9,0
DA:10,0
DA:12,0
DA:16,0
DA:18,0
LF:9
LH:0
BRDA:16,0,0,0
BRDA:16,0,1,0
BRDA:45,1,0,0
BRDA:45,1,1,0
BRF:4
BRH:0
end_of_record
TN:
SF:src/components/MigrationIntegration.jsx
FN:10,(anonymous_0)
FN:16,(anonymous_1)
FN:18,(anonymous_2)
FN:39,(anonymous_3)
FN:44,(anonymous_4)
FN:48,(anonymous_5)
FN:63,(anonymous_6)
FN:68,(anonymous_7)
FN:79,(anonymous_8)
FN:84,(anonymous_9)
FN:108,(anonymous_10)
FN:112,(anonymous_11)
FN:126,(anonymous_12)
FN:135,(anonymous_13)
FN:150,(anonymous_14)
FN:160,(anonymous_15)
FN:173,(anonymous_16)
FN:196,(anonymous_17)
FN:198,(anonymous_18)
FN:202,(anonymous_19)
FN:213,(anonymous_20)
FN:226,(anonymous_21)
FNF:22
FNH:0
FNDA:0,(anonymous_0)
FNDA:0,(anonymous_1)
FNDA:0,(anonymous_2)
FNDA:0,(anonymous_3)
FNDA:0,(anonymous_4)
FNDA:0,(anonymous_5)
FNDA:0,(anonymous_6)
FNDA:0,(anonymous_7)
FNDA:0,(anonymous_8)
FNDA:0,(anonymous_9)
FNDA:0,(anonymous_10)
FNDA:0,(anonymous_11)
FNDA:0,(anonymous_12)
FNDA:0,(anonymous_13)
FNDA:0,(anonymous_14)
FNDA:0,(anonymous_15)
FNDA:0,(anonymous_16)
FNDA:0,(anonymous_17)
FNDA:0,(anonymous_18)
FNDA:0,(anonymous_19)
FNDA:0,(anonymous_20)
FNDA:0,(anonymous_21)
DA:10,0
DA:11,0
DA:12,0
DA:13,0
DA:14,0
DA:16,0
DA:18,0
DA:19,0
DA:21,0
DA:24,0
DA:25,0
DA:28,0
DA:29,0
DA:32,0
DA:39,0
DA:44,0
DA:48,0
DA:54,0
DA:59,0
DA:61,0
DA:63,0
DA:64,0
DA:68,0
DA:69,0
DA:71,0
DA:72,0
DA:79,0
DA:84,0
DA:88,0
DA:91,0
DA:92,0
DA:98,0
DA:101,0
DA:108,0
DA:112,0
DA:116,0
DA:119,0
DA:126,0
DA:131,0
DA:135,0
DA:136,0
DA:137,0
DA:144,0
DA:146,0
DA:150,0
DA:151,0
DA:153,0
DA:160,0
DA:174,0
DA:196,0
DA:197,0
DA:198,0
DA:199,0
DA:202,0
DA:206,0
DA:213,0
DA:226,0
LF:57
LH:0
BRDA:28,0,0,0
BRDA:28,0,1,0
BRDA:69,1,0,0
BRDA:69,1,1,0
BRDA:69,1,2,0
BRDA:69,1,3,0
BRDA:151,2,0,0
BRDA:151,2,1,0
BRDA:158,3,0,0
BRDA:158,3,1,0
BRDA:171,4,0,0
BRDA:171,4,1,0
BRDA:177,5,0,0
BRDA:177,5,1,0
BRDA:185,6,0,0
BRDA:185,6,1,0
BRDA:197,7,0,0
BRDA:197,7,1,0
BRDA:209,8,0,0
BRDA:209,8,1,0
BRDA:209,8,2,0
BRDA:212,9,0,0
BRDA:212,9,1,0
BRDA:224,10,0,0
BRDA:224,10,1,0
BRF:25
BRH:0
end_of_record
TN:
SF:src/components/MobileNavigation.jsx
FN:14,(anonymous_0)
FN:27,(anonymous_1)
FN:29,(anonymous_2)
FN:36,(anonymous_3)
FN:42,(anonymous_4)
FN:48,(anonymous_5)
FN:54,(anonymous_6)
FN:64,(anonymous_7)
FN:71,(anonymous_8)
FN:73,(anonymous_9)
FN:87,(anonymous_10)
FN:146,(anonymous_11)
FN:152,(anonymous_12)
FN:192,(anonymous_13)
FN:211,(anonymous_14)
FN:239,(anonymous_15)
FN:251,(anonymous_16)
FN:258,(anonymous_17)
FN:342,(anonymous_18)
FN:343,(anonymous_19)
FN:352,(anonymous_20)
FNF:21
FNH:0
FNDA:0,(anonymous_0)
FNDA:0,(anonymous_1)
FNDA:0,(anonymous_2)
FNDA:0,(anonymous_3)
FNDA:0,(anonymous_4)
FNDA:0,(anonymous_5)
FNDA:0,(anonymous_6)
FNDA:0,(anonymous_7)
FNDA:0,(anonymous_8)
FNDA:0,(anonymous_9)
FNDA:0,(anonymous_10)
FNDA:0,(anonymous_11)
FNDA:0,(anonymous_12)
FNDA:0,(anonymous_13)
FNDA:0,(anonymous_14)
FNDA:0,(anonymous_15)
FNDA:0,(anonymous_16)
FNDA:0,(anonymous_17)
FNDA:0,(anonymous_18)
FNDA:0,(anonymous_19)
FNDA:0,(anonymous_20)
DA:14,0
DA:21,0
DA:22,0
DA:23,0
DA:24,0
DA:25,0
DA:27,0
DA:29,0
DA:30,0
DA:33,0
DA:34,0
DA:36,0
DA:37,0
DA:38,0
DA:42,0
DA:43,0
DA:45,0
DA:49,0
DA:50,0
DA:51,0
DA:55,0
DA:56,0
DA:57,0
DA:64,0
DA:65,0
DA:66,0
DA:71,0
DA:73,0
DA:74,0
DA:80,0
DA:84,0
DA:85,0
DA:87,0
DA:88,0
DA:89,0
DA:93,0
DA:146,0
DA:147,0
DA:148,0
DA:149,0
DA:152,0
DA:153,0
DA:154,0
DA:158,0
DA:160,0
DA:192,0
DA:211,0
DA:239,0
DA:252,0
DA:253,0
DA:255,0
DA:258,0
DA:343,0
DA:344,0
DA:346,0
DA:347,0
DA:349,0
DA:352,0
LF:58
LH:0
BRDA:15,0,0,0
BRDA:17,1,0,0
BRDA:18,2,0,0
BRDA:19,3,0,0
BRDA:43,4,0,0
BRDA:43,4,1,0
BRDA:43,5,0,0
BRDA:43,5,1,0
BRDA:49,6,0,0
BRDA:49,6,1,0
BRDA:55,7,0,0
BRDA:55,7,1,0
BRDA:55,8,0,0
BRDA:55,8,1,0
BRDA:65,9,0,0
BRDA:65,9,1,0
BRDA:74,10,0,0
BRDA:74,10,1,0
BRDA:75,11,0,0
BRDA:75,11,1,0
BRDA:75,11,2,0
BRDA:75,11,3,0
BRDA:105,12,0,0
BRDA:105,12,1,0
BRDA:130,13,0,0
BRDA:130,13,1,0
BRDA:158,14,0,0
BRDA:158,14,1,0
BRDA:163,15,0,0
BRDA:163,15,1,0
BRDA:183,16,0,0
BRDA:183,16,1,0
BRDA:190,17,0,0
BRDA:190,17,1,0
BRDA:197,18,0,0
BRDA:197,18,1,0
BRDA:207,19,0,0
BRDA:207,19,1,0
BRDA:207,19,2,0
BRDA:221,20,0,0
BRDA:221,20,1,0
BRDA:222,21,0,0
BRDA:222,21,1,0
BRDA:222,22,0,0
BRDA:222,22,1,0
BRDA:237,23,0,0
BRDA:237,23,1,0
BRDA:262,24,0,0
BRDA:262,24,1,0
BRDA:271,25,0,0
BRDA:271,25,1,0
BRDA:274,26,0,0
BRDA:274,26,1,0
BRDA:277,27,0,0
BRDA:277,27,1,0
BRDA:290,28,0,0
BRDA:290,28,1,0
BRDA:294,29,0,0
BRDA:294,29,1,0
BRDA:301,30,0,0
BRDA:301,30,1,0
BRDA:329,31,0,0
BRDA:329,31,1,0
BRDA:332,32,0,0
BRDA:332,32,1,0
BRDA:333,33,0,0
BRDA:333,33,1,0
BRDA:339,34,0,0
BRDA:339,34,1,0
BRDA:339,34,2,0
BRDA:344,35,0,0
BRDA:344,35,1,0
BRDA:355,36,0,0
BRDA:355,36,1,0
BRDA:363,37,0,0
BRDA:363,37,1,0
BRDA:365,38,0,0
BRDA:365,38,1,0
BRF:78
BRH:0
end_of_record
TN:
SF:src/components/MobileSettingsInterface.jsx
FN:19,(anonymous_0)
FN:45,(anonymous_1)
FN:54,(anonymous_2)
FN:59,(anonymous_3)
FN:66,(anonymous_4)
FN:83,(anonymous_5)
FN:92,(anonymous_6)
FN:101,(anonymous_7)
FN:110,(anonymous_8)
FN:116,(anonymous_9)
FN:135,(anonymous_10)
FN:156,(anonymous_11)
FN:161,(anonymous_12)
FN:173,(anonymous_13)
FN:183,(anonymous_14)
FN:194,(anonymous_15)
FN:205,(anonymous_16)
FN:208,(anonymous_17)
FN:268,(anonymous_18)
FN:282,(anonymous_19)
FN:286,(anonymous_20)
FN:332,(anonymous_21)
FN:335,(anonymous_22)
FN:343,(anonymous_23)
FN:352,(anonymous_24)
FN:361,(anonymous_25)
FN:362,(anonymous_26)
FN:372,(anonymous_27)
FN:373,(anonymous_28)
FN:383,(anonymous_29)
FN:391,(anonymous_30)
FN:400,(anonymous_31)
FN:411,(anonymous_32)
FN:441,(anonymous_33)
FN:472,(anonymous_34)
FN:477,(anonymous_35)
FN:515,(anonymous_36)
FN:556,(anonymous_37)
FN:593,(anonymous_38)
FN:622,(anonymous_39)
FN:636,(anonymous_40)
FN:642,(anonymous_41)
FN:645,(anonymous_42)
FNF:43
FNH:0
FNDA:0,(anonymous_0)
FNDA:0,(anonymous_1)
FNDA:0,(anonymous_2)
FNDA:0,(anonymous_3)
FNDA:0,(anonymous_4)
FNDA:0,(anonymous_5)
FNDA:0,(anonymous_6)
FNDA:0,(anonymous_7)
FNDA:0,(anonymous_8)
FNDA:0,(anonymous_9)
FNDA:0,(anonymous_10)
FNDA:0,(anonymous_11)
FNDA:0,(anonymous_12)
FNDA:0,(anonymous_13)
FNDA:0,(anonymous_14)
FNDA:0,(anonymous_15)
FNDA:0,(anonymous_16)
FNDA:0,(anonymous_17)
FNDA:0,(anonymous_18)
FNDA:0,(anonymous_19)
FNDA:0,(anonymous_20)
FNDA:0,(anonymous_21)
FNDA:0,(anonymous_22)
FNDA:0,(anonymous_23)
FNDA:0,(anonymous_24)
FNDA:0,(anonymous_25)
FNDA:0,(anonymous_26)
FNDA:0,(anonymous_27)
FNDA:0,(anonymous_28)
FNDA:0,(anonymous_29)
FNDA:0,(anonymous_30)
FNDA:0,(anonymous_31)
FNDA:0,(anonymous_32)
FNDA:0,(anonymous_33)
FNDA:0,(anonymous_34)
FNDA:0,(anonymous_35)
FNDA:0,(anonymous_36)
FNDA:0,(anonymous_37)
FNDA:0,(anonymous_38)
FNDA:0,(anonymous_39)
FNDA:0,(anonymous_40)
FNDA:0,(anonymous_41)
FNDA:0,(anonymous_42)
DA:19,0
DA:25,0
DA:26,0
DA:27,0
DA:28,0
DA:29,0
DA:30,0
DA:31,0
DA:32,0
DA:33,0
DA:34,0
DA:35,0
DA:36,0
DA:38,0
DA:39,0
DA:40,0
DA:42,0
DA:43,0
DA:45,0
DA:47,0
DA:50,0
DA:51,0
DA:54,0
DA:55,0
DA:59,0
DA:61,0
DA:62,0
DA:66,0
DA:67,0
DA:68,0
DA:69,0
DA:71,0
DA:72,0
DA:75,0
DA:76,0
DA:79,0
DA:83,0
DA:84,0
DA:85,0
DA:86,0
DA:88,0
DA:92,0
DA:93,0
DA:94,0
DA:96,0
DA:97,0
DA:98,0
DA:101,0
DA:102,0
DA:103,0
DA:105,0
DA:106,0
DA:107,0
DA:110,0
DA:111,0
DA:112,0
DA:113,0
DA:116,0
DA:117,0
DA:119,0
DA:120,0
DA:121,0
DA:123,0
DA:126,0
DA:128,0
DA:129,0
DA:130,0
DA:135,0
DA:136,0
DA:137,0
DA:138,0
DA:139,0
DA:140,0
DA:143,0
DA:146,0
DA:147,0
DA:148,0
DA:151,0
DA:152,0
DA:153,0
DA:156,0
DA:157,0
DA:158,0
DA:161,0
DA:162,0
DA:165,0
DA:168,0
DA:169,0
DA:173,0
DA:174,0
DA:175,0
DA:176,0
DA:178,0
DA:180,0
DA:183,0
DA:184,0
DA:185,0
DA:186,0
DA:188,0
DA:190,0
DA:191,0
DA:194,0
DA:195,0
DA:196,0
DA:197,0
DA:199,0
DA:201,0
DA:202,0
DA:205,0
DA:206,0
DA:208,0
DA:211,0
DA:213,0
DA:268,0
DA:269,0
DA:270,0
DA:271,0
DA:273,0
DA:282,0
DA:287,0
DA:288,0
DA:332,0
DA:333,0
DA:335,0
DA:343,0
DA:352,0
DA:353,0
DA:355,0
DA:362,0
DA:363,0
DA:372,0
DA:373,0
DA:375,0
DA:377,0
DA:384,0
DA:391,0
DA:392,0
DA:400,0
DA:412,0
DA:423,0
DA:424,0
DA:441,0
DA:472,0
DA:477,0
DA:515,0
DA:516,0
DA:518,0
DA:556,0
DA:593,0
DA:622,0
DA:636,0
DA:643,0
DA:646,0
DA:647,0
LF:154
LH:0
BRDA:20,0,0,0
BRDA:22,1,0,0
BRDA:23,2,0,0
BRDA:25,3,0,0
BRDA:25,3,1,0
BRDA:50,4,0,0
BRDA:50,4,1,0
BRDA:61,5,0,0
BRDA:61,5,1,0
BRDA:61,6,0,0
BRDA:61,6,1,0
BRDA:71,7,0,0
BRDA:71,7,1,0
BRDA:75,8,0,0
BRDA:75,8,1,0
BRDA:94,9,0,0
BRDA:94,9,1,0
BRDA:103,10,0,0
BRDA:103,10,1,0
BRDA:117,11,0,0
BRDA:117,11,1,0
BRDA:126,12,0,0
BRDA:126,12,1,0
BRDA:128,13,0,0
BRDA:128,13,1,0
BRDA:128,14,0,0
BRDA:128,14,1,0
BRDA:136,15,0,0
BRDA:136,15,1,0
BRDA:136,16,0,0
BRDA:136,16,1,0
BRDA:146,17,0,0
BRDA:146,17,1,0
BRDA:146,18,0,0
BRDA:146,18,1,0
BRDA:168,19,0,0
BRDA:168,19,1,0
BRDA:174,20,0,0
BRDA:174,20,1,0
BRDA:185,21,0,0
BRDA:185,21,1,0
BRDA:196,22,0,0
BRDA:196,22,1,0
BRDA:206,23,0,0
BRDA:206,23,1,0
BRDA:206,23,2,0
BRDA:211,24,0,0
BRDA:211,24,1,0
BRDA:268,25,0,0
BRDA:277,26,0,0
BRDA:277,26,1,0
BRDA:292,27,0,0
BRDA:292,27,1,0
BRDA:295,28,0,0
BRDA:295,28,1,0
BRDA:299,29,0,0
BRDA:299,29,1,0
BRDA:306,30,0,0
BRDA:306,30,1,0
BRDA:309,31,0,0
BRDA:309,31,1,0
BRDA:315,32,0,0
BRDA:315,32,1,0
BRDA:319,33,0,0
BRDA:319,33,1,0
BRDA:353,34,0,0
BRDA:353,34,1,0
BRDA:363,35,0,0
BRDA:363,35,1,0
BRDA:375,36,0,0
BRDA:375,36,1,0
BRDA:400,37,0,0
BRDA:400,37,1,0
BRDA:403,38,0,0
BRDA:403,38,1,0
BRDA:409,39,0,0
BRDA:409,39,1,0
BRDA:423,40,0,0
BRDA:423,40,1,0
BRDA:444,41,0,0
BRDA:444,41,1,0
BRDA:463,42,0,0
BRDA:463,42,1,0
BRDA:475,43,0,0
BRDA:475,43,1,0
BRDA:493,44,0,0
BRDA:493,44,1,0
BRDA:496,45,0,0
BRDA:496,45,1,0
BRDA:499,46,0,0
BRDA:499,46,1,0
BRDA:501,47,0,0
BRDA:501,47,1,0
BRDA:534,48,0,0
BRDA:534,48,1,0
BRDA:543,49,0,0
BRDA:543,49,1,0
BRDA:554,50,0,0
BRDA:554,50,1,0
BRDA:559,51,0,0
BRDA:559,51,1,0
BRDA:565,52,0,0
BRDA:565,52,1,0
BRDA:584,53,0,0
BRDA:584,53,1,0
BRDA:587,54,0,0
BRDA:587,54,1,0
BRDA:590,55,0,0
BRDA:590,55,1,0
BRDA:614,56,0,0
BRDA:614,56,1,0
BRDA:619,57,0,0
BRDA:619,57,1,0
BRDA:630,58,0,0
BRDA:630,58,1,0
BRF:115
BRH:0
end_of_record
TN:
SF:src/components/MultiFormatExportSystem.jsx
FN:78,(anonymous_0)
FN:122,(anonymous_1)
FN:132,(anonymous_2)
FN:136,(anonymous_3)
FN:145,(anonymous_4)
FN:154,(anonymous_5)
FN:163,(anonymous_6)
FN:172,(anonymous_7)
FN:182,(anonymous_8)
FN:183,(anonymous_9)
FN:189,(anonymous_10)
FN:197,(anonymous_11)
FN:227,(anonymous_12)
FN:259,(anonymous_13)
FN:274,(anonymous_14)
FN:290,(anonymous_15)
FN:314,(anonymous_16)
FN:322,(anonymous_17)
FN:328,(anonymous_18)
FN:341,(anonymous_19)
FN:352,(anonymous_20)
FN:363,(anonymous_21)
FN:371,(anonymous_22)
FN:380,(anonymous_23)
FN:412,(anonymous_24)
FN:415,(anonymous_25)
FN:436,(anonymous_26)
FN:443,(anonymous_27)
FN:446,(anonymous_28)
FN:469,(anonymous_29)
FN:500,(anonymous_30)
FN:512,(anonymous_31)
FN:570,(anonymous_32)
FN:582,(anonymous_33)
FN:591,(anonymous_34)
FN:643,(anonymous_35)
FN:689,(anonymous_36)
FN:696,(anonymous_37)
FN:715,(anonymous_38)
FN:726,(anonymous_39)
FN:748,(anonymous_40)
FN:760,(anonymous_41)
FN:764,(anonymous_42)
FN:774,(anonymous_43)
FN:777,(anonymous_44)
FN:784,(anonymous_45)
FN:794,(anonymous_46)
FN:797,(anonymous_47)
FN:804,(anonymous_48)
FN:807,(anonymous_49)
FN:817,(anonymous_50)
FN:821,(anonymous_51)
FN:834,(anonymous_52)
FN:836,(anonymous_53)
FN:853,(anonymous_54)
FN:871,(anonymous_55)
FN:889,(anonymous_56)
FN:923,(anonymous_57)
FNF:58
FNH:0
FNDA:0,(anonymous_0)
FNDA:0,(anonymous_1)
FNDA:0,(anonymous_2)
FNDA:0,(anonymous_3)
FNDA:0,(anonymous_4)
FNDA:0,(anonymous_5)
FNDA:0,(anonymous_6)
FNDA:0,(anonymous_7)
FNDA:0,(anonymous_8)
FNDA:0,(anonymous_9)
FNDA:0,(anonymous_10)
FNDA:0,(anonymous_11)
FNDA:0,(anonymous_12)
FNDA:0,(anonymous_13)
FNDA:0,(anonymous_14)
FNDA:0,(anonymous_15)
FNDA:0,(anonymous_16)
FNDA:0,(anonymous_17)
FNDA:0,(anonymous_18)
FNDA:0,(anonymous_19)
FNDA:0,(anonymous_20)
FNDA:0,(anonymous_21)
FNDA:0,(anonymous_22)
FNDA:0,(anonymous_23)
FNDA:0,(anonymous_24)
FNDA:0,(anonymous_25)
FNDA:0,(anonymous_26)
FNDA:0,(anonymous_27)
FNDA:0,(anonymous_28)
FNDA:0,(anonymous_29)
FNDA:0,(anonymous_30)
FNDA:0,(anonymous_31)
FNDA:0,(anonymous_32)
FNDA:0,(anonymous_33)
FNDA:0,(anonymous_34)
FNDA:0,(anonymous_35)
FNDA:0,(anonymous_36)
FNDA:0,(anonymous_37)
FNDA:0,(anonymous_38)
FNDA:0,(anonymous_39)
FNDA:0,(anonymous_40)
FNDA:0,(anonymous_41)
FNDA:0,(anonymous_42)
FNDA:0,(anonymous_43)
FNDA:0,(anonymous_44)
FNDA:0,(anonymous_45)
FNDA:0,(anonymous_46)
FNDA:0,(anonymous_47)
FNDA:0,(anonymous_48)
FNDA:0,(anonymous_49)
FNDA:0,(anonymous_50)
FNDA:0,(anonymous_51)
FNDA:0,(anonymous_52)
FNDA:0,(anonymous_53)
FNDA:0,(anonymous_54)
FNDA:0,(anonymous_55)
FNDA:0,(anonymous_56)
FNDA:0,(anonymous_57)
DA:78,0
DA:80,0
DA:81,0
DA:82,0
DA:83,0
DA:84,0
DA:85,0
DA:88,0
DA:89,0
DA:90,0
DA:91,0
DA:92,0
DA:93,0
DA:96,0
DA:97,0
DA:98,0
DA:101,0
DA:102,0
DA:113,0
DA:114,0
DA:115,0
DA:116,0
DA:119,0
DA:122,0
DA:123,0
DA:124,0
DA:125,0
DA:126,0
DA:127,0
DA:130,0
DA:132,0
DA:136,0
DA:137,0
DA:138,0
DA:139,0
DA:141,0
DA:145,0
DA:146,0
DA:147,0
DA:148,0
DA:150,0
DA:154,0
DA:155,0
DA:156,0
DA:157,0
DA:159,0
DA:163,0
DA:164,0
DA:165,0
DA:166,0
DA:168,0
DA:172,0
DA:173,0
DA:174,0
DA:175,0
DA:177,0
DA:182,0
DA:183,0
DA:184,0
DA:185,0
DA:189,0
DA:190,0
DA:191,0
DA:192,0
DA:197,0
DA:198,0
DA:199,0
DA:201,0
DA:208,0
DA:210,0
DA:216,0
DA:217,0
DA:218,0
DA:221,0
DA:223,0
DA:227,0
DA:228,0
DA:229,0
DA:231,0
DA:240,0
DA:242,0
DA:248,0
DA:249,0
DA:250,0
DA:253,0
DA:255,0
DA:259,0
DA:260,0
DA:261,0
DA:263,0
DA:270,0
DA:274,0
DA:275,0
DA:276,0
DA:278,0
DA:285,0
DA:290,0
DA:291,0
DA:292,0
DA:294,0
DA:296,0
DA:302,0
DA:303,0
DA:304,0
DA:307,0
DA:309,0
DA:314,0
DA:315,0
DA:316,0
DA:317,0
DA:318,0
DA:319,0
DA:322,0
DA:323,0
DA:324,0
DA:325,0
DA:328,0
DA:329,0
DA:341,0
DA:342,0
DA:349,0
DA:352,0
DA:353,0
DA:360,0
DA:363,0
DA:364,0
DA:365,0
DA:366,0
DA:367,0
DA:368,0
DA:371,0
DA:372,0
DA:373,0
DA:374,0
DA:375,0
DA:376,0
DA:380,0
DA:381,0
DA:412,0
DA:416,0
DA:436,0
DA:444,0
DA:447,0
DA:469,0
DA:500,0
DA:501,0
DA:512,0
DA:570,0
DA:571,0
DA:582,0
DA:592,0
DA:593,0
DA:643,0
DA:644,0
DA:666,0
DA:689,0
DA:696,0
DA:715,0
DA:726,0
DA:748,0
DA:760,0
DA:764,0
DA:774,0
DA:775,0
DA:777,0
DA:778,0
DA:784,0
DA:785,0
DA:787,0
DA:789,0
DA:794,0
DA:797,0
DA:802,0
DA:804,0
DA:807,0
DA:814,0
DA:817,0
DA:821,0
DA:832,0
DA:834,0
DA:836,0
DA:844,0
DA:854,0
DA:871,0
DA:872,0
DA:890,0
DA:923,0
LF:187
LH:0
BRDA:190,0,0,0
BRDA:190,0,1,0
BRDA:204,1,0,0
BRDA:204,1,1,0
BRDA:205,2,0,0
BRDA:205,2,1,0
BRDA:236,3,0,0
BRDA:236,3,1,0
BRDA:237,4,0,0
BRDA:237,4,1,0
BRDA:349,5,0,0
BRDA:349,5,1,0
BRDA:360,6,0,0
BRDA:360,6,1,0
BRDA:364,7,0,0
BRDA:364,7,1,0
BRDA:372,8,0,0
BRDA:372,8,1,0
BRDA:373,9,0,0
BRDA:373,9,1,0
BRDA:390,10,0,0
BRDA:390,10,1,0
BRDA:396,11,0,0
BRDA:396,11,1,0
BRDA:399,12,0,0
BRDA:399,12,1,0
BRDA:400,13,0,0
BRDA:400,13,1,0
BRDA:451,14,0,0
BRDA:451,14,1,0
BRDA:466,15,0,0
BRDA:466,15,1,0
BRDA:479,16,0,0
BRDA:479,16,1,0
BRDA:688,17,0,0
BRDA:688,17,1,0
BRDA:705,18,0,0
BRDA:705,18,1,0
BRDA:706,19,0,0
BRDA:706,19,1,0
BRDA:707,20,0,0
BRDA:707,20,1,0
BRDA:708,21,0,0
BRDA:708,21,1,0
BRDA:716,22,0,0
BRDA:716,22,1,0
BRDA:775,23,0,0
BRDA:775,23,1,0
BRDA:784,24,0,0
BRDA:785,25,0,0
BRDA:785,25,1,0
BRDA:787,26,0,0
BRDA:787,26,1,0
BRDA:787,26,2,0
BRDA:787,26,3,0
BRDA:858,27,0,0
BRDA:858,27,1,0
BRDA:859,28,0,0
BRDA:859,28,1,0
BRDA:860,29,0,0
BRDA:860,29,1,0
BRDA:860,30,0,0
BRDA:860,30,1,0
BRDA:883,31,0,0
BRDA:883,31,1,0
BRDA:921,32,0,0
BRDA:921,32,1,0
BRF:67
BRH:0
end_of_record
TN:
SF:src/components/NotificationCenter.jsx
FN:24,(anonymous_0)
FN:36,(anonymous_1)
FN:44,(anonymous_2)
FN:75,(anonymous_3)
FN:84,(anonymous_4)
FN:92,(anonymous_5)
FN:117,(anonymous_6)
FN:123,(anonymous_7)
FN:129,(anonymous_8)
FN:133,(anonymous_9)
FN:137,(anonymous_10)
FN:141,(anonymous_11)
FN:146,(anonymous_12)
FN:159,(anonymous_13)
FN:172,(anonymous_14)
FN:182,(anonymous_15)
FN:220,(anonymous_16)
FN:289,(anonymous_17)
FN:315,(anonymous_18)
FN:318,(anonymous_19)
FN:340,(anonymous_20)
FN:386,(anonymous_21)
FN:389,(anonymous_22)
FN:410,(anonymous_23)
FN:418,(anonymous_24)
FNF:25
FNH:0
FNDA:0,(anonymous_0)
FNDA:0,(anonymous_1)
FNDA:0,(anonymous_2)
FNDA:0,(anonymous_3)
FNDA:0,(anonymous_4)
FNDA:0,(anonymous_5)
FNDA:0,(anonymous_6)
FNDA:0,(anonymous_7)
FNDA:0,(anonymous_8)
FNDA:0,(anonymous_9)
FNDA:0,(anonymous_10)
FNDA:0,(anonymous_11)
FNDA:0,(anonymous_12)
FNDA:0,(anonymous_13)
FNDA:0,(anonymous_14)
FNDA:0,(anonymous_15)
FNDA:0,(anonymous_16)
FNDA:0,(anonymous_17)
FNDA:0,(anonymous_18)
FNDA:0,(anonymous_19)
FNDA:0,(anonymous_20)
FNDA:0,(anonymous_21)
FNDA:0,(anonymous_22)
FNDA:0,(anonymous_23)
FNDA:0,(anonymous_24)
DA:24,0
DA:25,0
DA:26,0
DA:27,0
DA:28,0
DA:29,0
DA:30,0
DA:31,0
DA:33,0
DA:34,0
DA:36,0
DA:38,0
DA:39,0
DA:40,0
DA:41,0
DA:44,0
DA:45,0
DA:47,0
DA:48,0
DA:49,0
DA:55,0
DA:56,0
DA:57,0
DA:60,0
DA:61,0
DA:64,0
DA:65,0
DA:69,0
DA:70,0
DA:75,0
DA:76,0
DA:77,0
DA:78,0
DA:82,0
DA:84,0
DA:85,0
DA:86,0
DA:88,0
DA:92,0
DA:93,0
DA:95,0
DA:96,0
DA:99,0
DA:100,0
DA:103,0
DA:104,0
DA:106,0
DA:107,0
DA:110,0
DA:111,0
DA:113,0
DA:117,0
DA:118,0
DA:119,0
DA:122,0
DA:123,0
DA:124,0
DA:129,0
DA:130,0
DA:133,0
DA:134,0
DA:137,0
DA:138,0
DA:141,0
DA:142,0
DA:143,0
DA:146,0
DA:147,0
DA:149,0
DA:151,0
DA:153,0
DA:155,0
DA:159,0
DA:160,0
DA:162,0
DA:164,0
DA:166,0
DA:168,0
DA:172,0
DA:173,0
DA:174,0
DA:176,0
DA:177,0
DA:178,0
DA:179,0
DA:182,0
DA:183,0
DA:184,0
DA:185,0
DA:188,0
DA:220,0
DA:289,0
DA:316,0
DA:318,0
DA:341,0
DA:387,0
DA:389,0
DA:410,0
DA:418,0
LF:99
LH:0
BRDA:24,0,0,0
BRDA:45,1,0,0
BRDA:45,1,1,0
BRDA:45,1,2,0
BRDA:45,1,3,0
BRDA:45,1,4,0
BRDA:45,1,5,0
BRDA:45,1,6,0
BRDA:45,1,7,0
BRDA:76,2,0,0
BRDA:76,2,1,0
BRDA:76,3,0,0
BRDA:76,3,1,0
BRDA:85,4,0,0
BRDA:85,4,1,0
BRDA:93,5,0,0
BRDA:93,5,1,0
BRDA:93,5,2,0
BRDA:93,5,3,0
BRDA:93,5,4,0
BRDA:93,5,5,0
BRDA:122,6,0,0
BRDA:122,6,1,0
BRDA:122,7,0,0
BRDA:122,7,1,0
BRDA:143,8,0,0
BRDA:143,8,1,0
BRDA:147,9,0,0
BRDA:147,9,1,0
BRDA:147,9,2,0
BRDA:147,9,3,0
BRDA:160,10,0,0
BRDA:160,10,1,0
BRDA:160,10,2,0
BRDA:160,10,3,0
BRDA:176,11,0,0
BRDA:176,11,1,0
BRDA:177,12,0,0
BRDA:177,12,1,0
BRDA:178,13,0,0
BRDA:178,13,1,0
BRDA:183,14,0,0
BRDA:183,14,1,0
BRDA:184,15,0,0
BRDA:184,15,1,0
BRDA:199,16,0,0
BRDA:199,16,1,0
BRDA:201,17,0,0
BRDA:201,17,1,0
BRDA:207,18,0,0
BRDA:207,18,1,0
BRDA:212,19,0,0
BRDA:212,19,1,0
BRDA:214,20,0,0
BRDA:214,20,1,0
BRDA:233,21,0,0
BRDA:233,21,1,0
BRDA:235,22,0,0
BRDA:235,22,1,0
BRDA:242,23,0,0
BRDA:242,23,1,0
BRDA:257,24,0,0
BRDA:257,24,1,0
BRDA:270,25,0,0
BRDA:270,25,1,0
BRDA:285,26,0,0
BRDA:285,26,1,0
BRDA:295,27,0,0
BRDA:295,27,1,0
BRDA:320,28,0,0
BRDA:320,28,1,0
BRDA:333,29,0,0
BRDA:333,29,1,0
BRDA:344,30,0,0
BRDA:344,30,1,0
BRDA:354,31,0,0
BRDA:354,31,1,0
BRDA:368,32,0,0
BRDA:368,32,1,0
BRDA:368,32,2,0
BRDA:384,33,0,0
BRDA:384,33,1,0
BRDA:384,33,2,0
BRDA:392,34,0,0
BRDA:392,34,1,0
BRDA:395,35,0,0
BRDA:395,35,1,0
BRDA:408,36,0,0
BRDA:408,36,1,0
BRF:89
BRH:0
end_of_record
TN:
SF:src/components/NotificationPreferences.jsx
FN:16,(anonymous_0)
FN:29,(anonymous_1)
FN:31,(anonymous_2)
FN:55,(anonymous_3)
FN:65,(anonymous_4)
FN:70,(anonymous_5)
FN:79,(anonymous_6)
FN:84,(anonymous_7)
FN:95,(anonymous_8)
FN:104,(anonymous_9)
FN:116,(anonymous_10)
FN:121,(anonymous_11)
FN:136,(anonymous_12)
FN:143,(anonymous_13)
FN:147,(anonymous_14)
FN:160,(anonymous_15)
FN:211,(anonymous_16)
FN:232,(anonymous_17)
FN:237,(anonymous_18)
FN:316,(anonymous_19)
FN:334,(anonymous_20)
FN:353,(anonymous_21)
FN:372,(anonymous_22)
FN:393,(anonymous_23)
FN:406,(anonymous_24)
FN:417,(anonymous_25)
FN:430,(anonymous_26)
FN:449,(anonymous_27)
FN:467,(anonymous_28)
FN:480,(anonymous_29)
FN:487,(anonymous_30)
FN:500,(anonymous_31)
FN:513,(anonymous_32)
FNF:33
FNH:0
FNDA:0,(anonymous_0)
FNDA:0,(anonymous_1)
FNDA:0,(anonymous_2)
FNDA:0,(anonymous_3)
FNDA:0,(anonymous_4)
FNDA:0,(anonymous_5)
FNDA:0,(anonymous_6)
FNDA:0,(anonymous_7)
FNDA:0,(anonymous_8)
FNDA:0,(anonymous_9)
FNDA:0,(anonymous_10)
FNDA:0,(anonymous_11)
FNDA:0,(anonymous_12)
FNDA:0,(anonymous_13)
FNDA:0,(anonymous_14)
FNDA:0,(anonymous_15)
FNDA:0,(anonymous_16)
FNDA:0,(anonymous_17)
FNDA:0,(anonymous_18)
FNDA:0,(anonymous_19)
FNDA:0,(anonymous_20)
FNDA:0,(anonymous_21)
FNDA:0,(anonymous_22)
FNDA:0,(anonymous_23)
FNDA:0,(anonymous_24)
FNDA:0,(anonymous_25)
FNDA:0,(anonymous_26)
FNDA:0,(anonymous_27)
FNDA:0,(anonymous_28)
FNDA:0,(anonymous_29)
FNDA:0,(anonymous_30)
FNDA:0,(anonymous_31)
FNDA:0,(anonymous_32)
DA:16,0
DA:21,0
DA:22,0
DA:23,0
DA:24,0
DA:25,0
DA:26,0
DA:27,0
DA:29,0
DA:31,0
DA:32,0
DA:34,0
DA:35,0
DA:37,0
DA:38,0
DA:40,0
DA:41,0
DA:43,0
DA:44,0
DA:49,0
DA:50,0
DA:52,0
DA:55,0
DA:56,0
DA:57,0
DA:58,0
DA:60,0
DA:61,0
DA:65,0
DA:66,0
DA:67,0
DA:70,0
DA:71,0
DA:79,0
DA:80,0
DA:81,0
DA:84,0
DA:85,0
DA:86,0
DA:92,0
DA:95,0
DA:96,0
DA:97,0
DA:101,0
DA:104,0
DA:105,0
DA:106,0
DA:107,0
DA:108,0
DA:110,0
DA:111,0
DA:112,0
DA:116,0
DA:117,0
DA:118,0
DA:121,0
DA:122,0
DA:123,0
DA:125,0
DA:126,0
DA:127,0
DA:128,0
DA:130,0
DA:131,0
DA:132,0
DA:136,0
DA:137,0
DA:138,0
DA:139,0
DA:143,0
DA:144,0
DA:145,0
DA:147,0
DA:160,0
DA:161,0
DA:168,0
DA:169,0
DA:172,0
DA:174,0
DA:176,0
DA:177,0
DA:183,0
DA:211,0
DA:233,0
DA:234,0
DA:237,0
DA:316,0
DA:334,0
DA:353,0
DA:372,0
DA:393,0
DA:406,0
DA:417,0
DA:431,0
DA:432,0
DA:449,0
DA:467,0
DA:481,0
DA:487,0
DA:501,0
DA:513,0
LF:101
LH:0
BRDA:17,0,0,0
BRDA:19,1,0,0
BRDA:22,2,0,0
BRDA:22,2,1,0
BRDA:32,3,0,0
BRDA:32,3,1,0
BRDA:32,3,2,0
BRDA:32,3,3,0
BRDA:85,4,0,0
BRDA:85,4,1,0
BRDA:96,5,0,0
BRDA:96,5,1,0
BRDA:123,6,0,0
BRDA:123,6,1,0
BRDA:137,7,0,0
BRDA:137,7,1,0
BRDA:143,8,0,0
BRDA:144,9,0,0
BRDA:144,9,1,0
BRDA:147,10,0,0
BRDA:147,10,1,0
BRDA:151,11,0,0
BRDA:151,11,1,0
BRDA:152,12,0,0
BRDA:152,12,1,0
BRDA:168,13,0,0
BRDA:168,13,1,0
BRDA:174,14,0,0
BRDA:174,14,1,0
BRDA:190,15,0,0
BRDA:190,15,1,0
BRDA:240,16,0,0
BRDA:240,16,1,0
BRDA:257,17,0,0
BRDA:257,17,1,0
BRDA:260,18,0,0
BRDA:260,18,1,0
BRDA:266,19,0,0
BRDA:266,19,1,0
BRDA:276,20,0,0
BRDA:276,20,1,0
BRDA:284,21,0,0
BRDA:284,21,1,0
BRDA:385,22,0,0
BRDA:385,22,1,0
BRDA:397,23,0,0
BRDA:397,23,1,0
BRDA:428,24,0,0
BRDA:428,24,1,0
BRDA:453,25,0,0
BRDA:453,25,1,0
BRDA:472,26,0,0
BRDA:472,26,1,0
BRDA:506,27,0,0
BRDA:506,27,1,0
BRDA:529,28,0,0
BRDA:529,28,1,0
BRDA:566,29,0,0
BRDA:566,29,1,0
BRF:59
BRH:0
end_of_record
TN:
SF:src/components/OptimizedImage.jsx
FN:6,(anonymous_0)
FN:24,(anonymous_1)
FN:28,(anonymous_2)
FN:46,(anonymous_3)
FN:54,(anonymous_4)
FN:68,(anonymous_5)
FN:73,(anonymous_6)
FNF:7
FNH:0
FNDA:0,(anonymous_0)
FNDA:0,(anonymous_1)
FNDA:0,(anonymous_2)
FNDA:0,(anonymous_3)
FNDA:0,(anonymous_4)
FNDA:0,(anonymous_5)
FNDA:0,(anonymous_6)
DA:6,0
DA:17,0
DA:18,0
DA:19,0
DA:20,0
DA:21,0
DA:24,0
DA:25,0
DA:27,0
DA:29,0
DA:30,0
DA:31,0
DA:40,0
DA:41,0
DA:44,0
DA:46,0
DA:47,0
DA:48,0
DA:54,0
DA:55,0
DA:57,0
DA:58,0
DA:60,0
DA:66,0
DA:68,0
DA:69,0
DA:70,0
DA:73,0
DA:74,0
DA:75,0
DA:78,0
DA:80,0
LF:32
LH:0
BRDA:9,0,0,0
BRDA:10,1,0,0
BRDA:11,2,0,0
BRDA:12,3,0,0
BRDA:25,4,0,0
BRDA:25,4,1,0
BRDA:25,5,0,0
BRDA:25,5,1,0
BRDA:29,6,0,0
BRDA:29,6,1,0
BRDA:40,7,0,0
BRDA:40,7,1,0
BRDA:47,8,0,0
BRDA:47,8,1,0
BRDA:55,9,0,0
BRDA:55,9,1,0
BRDA:78,10,0,0
BRDA:78,10,1,0
BRDA:87,11,0,0
BRDA:87,11,1,0
BRDA:87,11,2,0
BRDA:92,12,0,0
BRDA:92,12,1,0
BRDA:95,13,0,0
BRDA:95,13,1,0
BRDA:105,14,0,0
BRDA:105,14,1,0
BRDA:109,15,0,0
BRDA:109,15,1,0
BRDA:110,16,0,0
BRDA:110,16,1,0
BRDA:114,17,0,0
BRDA:114,17,1,0
BRDA:121,18,0,0
BRDA:121,18,1,0
BRF:35
BRH:0
end_of_record
TN:
SF:src/components/PWASettings.jsx
FN:21,(anonymous_0)
FN:31,(anonymous_1)
FN:35,(anonymous_2)
FN:58,(anonymous_3)
FN:65,(anonymous_4)
FN:75,(anonymous_5)
FN:79,(anonymous_6)
FN:89,(anonymous_7)
FN:99,(anonymous_8)
FN:109,(anonymous_9)
FN:118,(anonymous_10)
FN:132,(anonymous_11)
FN:138,(anonymous_12)
FN:241,(anonymous_13)
FN:291,(anonymous_14)
FN:307,(anonymous_15)
FN:350,(anonymous_16)
FN:366,(anonymous_17)
FNF:18
FNH:0
FNDA:0,(anonymous_0)
FNDA:0,(anonymous_1)
FNDA:0,(anonymous_2)
FNDA:0,(anonymous_3)
FNDA:0,(anonymous_4)
FNDA:0,(anonymous_5)
FNDA:0,(anonymous_6)
FNDA:0,(anonymous_7)
FNDA:0,(anonymous_8)
FNDA:0,(anonymous_9)
FNDA:0,(anonymous_10)
FNDA:0,(anonymous_11)
FNDA:0,(anonymous_12)
FNDA:0,(anonymous_13)
FNDA:0,(anonymous_14)
FNDA:0,(anonymous_15)
FNDA:0,(anonymous_16)
FNDA:0,(anonymous_17)
DA:21,0
DA:22,0
DA:23,0
DA:24,0
DA:25,0
DA:26,0
DA:27,0
DA:28,0
DA:29,0
DA:31,0
DA:32,0
DA:35,0
DA:36,0
DA:37,0
DA:39,0
DA:46,0
DA:47,0
DA:48,0
DA:49,0
DA:51,0
DA:53,0
DA:55,0
DA:58,0
DA:59,0
DA:60,0
DA:62,0
DA:63,0
DA:64,0
DA:65,0
DA:68,0
DA:69,0
DA:70,0
DA:73,0
DA:75,0
DA:79,0
DA:80,0
DA:81,0
DA:82,0
DA:83,0
DA:85,0
DA:89,0
DA:90,0
DA:91,0
DA:92,0
DA:93,0
DA:95,0
DA:99,0
DA:100,0
DA:101,0
DA:102,0
DA:103,0
DA:105,0
DA:109,0
DA:110,0
DA:111,0
DA:112,0
DA:114,0
DA:118,0
DA:119,0
DA:120,0
DA:123,0
DA:124,0
DA:125,0
DA:126,0
DA:128,0
DA:132,0
DA:133,0
DA:134,0
DA:135,0
DA:138,0
DA:139,0
DA:146,0
DA:147,0
DA:160,0
DA:241,0
DA:291,0
DA:307,0
DA:350,0
DA:366,0
LF:79
LH:0
BRDA:46,0,0,0
BRDA:46,0,1,0
BRDA:47,1,0,0
BRDA:47,1,1,0
BRDA:48,2,0,0
BRDA:48,2,1,0
BRDA:49,3,0,0
BRDA:49,3,1,0
BRDA:63,4,0,0
BRDA:63,4,1,0
BRDA:68,5,0,0
BRDA:68,5,1,0
BRDA:70,6,0,0
BRDA:70,6,1,0
BRDA:81,7,0,0
BRDA:81,7,1,0
BRDA:91,8,0,0
BRDA:91,8,1,0
BRDA:101,9,0,0
BRDA:101,9,1,0
BRDA:111,10,0,0
BRDA:111,10,1,0
BRDA:119,11,0,0
BRDA:119,11,1,0
BRDA:124,12,0,0
BRDA:124,12,1,0
BRDA:133,13,0,0
BRDA:133,13,1,0
BRDA:139,14,0,0
BRDA:139,14,1,0
BRDA:146,15,0,0
BRDA:146,15,1,0
BRDA:174,16,0,0
BRDA:174,16,1,0
BRDA:185,17,0,0
BRDA:185,17,1,0
BRDA:206,18,0,0
BRDA:206,18,1,0
BRDA:210,19,0,0
BRDA:210,19,1,0
BRDA:240,20,0,0
BRDA:240,20,1,0
BRDA:259,21,0,0
BRDA:259,21,1,0
BRDA:263,22,0,0
BRDA:263,22,1,0
BRDA:290,23,0,0
BRDA:290,23,1,0
BRDA:306,24,0,0
BRDA:306,24,1,0
BRDA:321,25,0,0
BRDA:321,25,1,0
BRDA:349,26,0,0
BRDA:349,26,1,0
BRDA:365,27,0,0
BRDA:365,27,1,0
BRF:56
BRH:0
end_of_record
TN:
SF:src/components/PasswordChangeForm.jsx
FN:5,(anonymous_0)
FN:15,(anonymous_1)
FN:34,(anonymous_2)
FN:36,(anonymous_3)
FN:40,(anonymous_4)
FN:49,(anonymous_5)
FN:79,(anonymous_6)
FNF:7
FNH:0
FNDA:0,(anonymous_0)
FNDA:0,(anonymous_1)
FNDA:0,(anonymous_2)
FNDA:0,(anonymous_3)
FNDA:0,(anonymous_4)
FNDA:0,(anonymous_5)
FNDA:0,(anonymous_6)
DA:5,0
DA:6,0
DA:11,0
DA:12,0
DA:13,0
DA:15,0
DA:16,0
DA:17,0
DA:18,0
DA:19,0
DA:20,0
DA:22,0
DA:34,0
DA:35,0
DA:36,0
DA:39,0
DA:40,0
DA:44,0
DA:45,0
DA:49,0
DA:50,0
DA:52,0
DA:53,0
DA:56,0
DA:57,0
DA:59,0
DA:60,0
DA:61,0
DA:65,0
DA:66,0
DA:67,0
DA:68,0
DA:71,0
DA:72,0
DA:75,0
DA:76,0
DA:79,0
DA:80,0
DA:82,0
DA:83,0
DA:86,0
DA:87,0
DA:88,0
DA:89,0
DA:92,0
DA:98,0
DA:100,0
DA:104,0
DA:106,0
LF:49
LH:0
BRDA:23,0,0,0
BRDA:23,0,1,0
BRDA:23,0,2,0
BRDA:23,0,3,0
BRDA:39,1,0,0
BRDA:39,1,1,0
BRDA:44,2,0,0
BRDA:44,2,1,0
BRDA:52,3,0,0
BRDA:52,3,1,0
BRDA:56,4,0,0
BRDA:56,4,1,0
BRDA:60,5,0,0
BRDA:60,5,1,0
BRDA:65,6,0,0
BRDA:65,6,1,0
BRDA:67,7,0,0
BRDA:67,7,1,0
BRDA:71,8,0,0
BRDA:71,8,1,0
BRDA:82,9,0,0
BRDA:82,9,1,0
BRDA:115,10,0,0
BRDA:115,10,1,0
BRDA:117,11,0,0
BRDA:117,11,1,0
BRDA:121,12,0,0
BRDA:121,12,1,0
BRDA:142,13,0,0
BRDA:142,13,1,0
BRDA:146,14,0,0
BRDA:146,14,1,0
BRDA:162,15,0,0
BRDA:162,15,1,0
BRDA:166,16,0,0
BRDA:166,16,1,0
BRDA:170,17,0,0
BRDA:170,17,1,0
BRDA:174,18,0,0
BRDA:174,18,1,0
BRDA:177,19,0,0
BRDA:177,19,1,0
BRDA:180,20,0,0
BRDA:180,20,1,0
BRDA:183,21,0,0
BRDA:183,21,1,0
BRDA:202,22,0,0
BRDA:202,22,1,0
BRDA:206,23,0,0
BRDA:206,23,1,0
BRDA:210,24,0,0
BRDA:210,24,1,0
BRDA:210,24,2,0
BRDA:210,24,3,0
BRDA:223,25,0,0
BRDA:223,25,1,0
BRDA:228,26,0,0
BRDA:228,26,1,0
BRF:58
BRH:0
end_of_record
TN:
SF:src/components/ProgressBar.jsx
FNF:0
FNH:0
LF:0
LH:0
BRF:0
BRH:0
end_of_record
TN:
SF:src/components/ProtectedRoute.jsx
FN:6,(anonymous_0)
FN:69,(anonymous_1)
FNF:2
FNH:0
FNDA:0,(anonymous_0)
FNDA:0,(anonymous_1)
DA:6,0
DA:12,0
DA:13,0
DA:16,0
DA:17,0
DA:21,0
DA:22,0
DA:45,0
DA:46,0
DA:54,0
DA:55,0
DA:69,0
DA:81,0
LF:13
LH:0
BRDA:8,0,0,0
BRDA:9,1,0,0
BRDA:10,2,0,0
BRDA:16,3,0,0
BRDA:16,3,1,0
BRDA:21,4,0,0
BRDA:21,4,1,0
BRDA:21,5,0,0
BRDA:21,5,1,0
BRDA:45,6,0,0
BRDA:45,6,1,0
BRDA:54,7,0,0
BRDA:54,7,1,0
BRDA:54,8,0,0
BRDA:54,8,1,0
BRDA:55,9,0,0
BRDA:55,9,1,0
BRF:17
BRH:0
end_of_record
TN:
SF:src/components/ResponsiveLayout.jsx
FN:10,(anonymous_0)
FN:24,(anonymous_1)
FN:29,(anonymous_2)
FN:36,(anonymous_3)
FN:42,(anonymous_4)
FN:47,(anonymous_5)
FN:59,(anonymous_6)
FN:64,(anonymous_7)
FN:79,(anonymous_8)
FN:249,(anonymous_9)
FN:252,(anonymous_10)
FN:253,(anonymous_11)
FN:262,(anonymous_12)
FN:265,(anonymous_13)
FNF:14
FNH:0
FNDA:0,(anonymous_0)
FNDA:0,(anonymous_1)
FNDA:0,(anonymous_2)
FNDA:0,(anonymous_3)
FNDA:0,(anonymous_4)
FNDA:0,(anonymous_5)
FNDA:0,(anonymous_6)
FNDA:0,(anonymous_7)
FNDA:0,(anonymous_8)
FNDA:0,(anonymous_9)
FNDA:0,(anonymous_10)
FNDA:0,(anonymous_11)
FNDA:0,(anonymous_12)
FNDA:0,(anonymous_13)
DA:10,0
DA:19,0
DA:20,0
DA:21,0
DA:22,0
DA:24,0
DA:26,0
DA:29,0
DA:30,0
DA:33,0
DA:34,0
DA:36,0
DA:37,0
DA:38,0
DA:42,0
DA:44,0
DA:45,0
DA:47,0
DA:52,0
DA:53,0
DA:55,0
DA:59,0
DA:61,0
DA:62,0
DA:66,0
DA:70,0
DA:74,0
DA:75,0
DA:76,0
DA:79,0
DA:80,0
DA:81,0
DA:87,0
DA:88,0
DA:95,0
DA:104,0
DA:106,0
DA:249,0
DA:250,0
DA:252,0
DA:253,0
DA:254,0
DA:255,0
DA:257,0
DA:261,0
DA:262,0
DA:265,0
DA:266,0
DA:270,0
DA:273,0
DA:275,0
LF:51
LH:0
BRDA:12,0,0,0
BRDA:14,1,0,0
BRDA:15,2,0,0
BRDA:16,3,0,0
BRDA:17,4,0,0
BRDA:47,5,0,0
BRDA:47,5,1,0
BRDA:52,6,0,0
BRDA:52,6,1,0
BRDA:61,7,0,0
BRDA:61,7,1,0
BRDA:61,8,0,0
BRDA:61,8,1,0
BRDA:80,9,0,0
BRDA:80,9,1,0
BRDA:82,10,0,0
BRDA:82,10,1,0
BRDA:87,11,0,0
BRDA:87,11,1,0
BRDA:91,12,0,0
BRDA:91,12,1,0
BRDA:98,13,0,0
BRDA:98,13,1,0
BRDA:111,14,0,0
BRDA:111,14,1,0
BRDA:112,15,0,0
BRDA:112,15,1,0
BRDA:113,16,0,0
BRDA:113,16,1,0
BRDA:114,17,0,0
BRDA:114,17,1,0
BRDA:119,18,0,0
BRDA:119,18,1,0
BRDA:135,19,0,0
BRDA:135,19,1,0
BRDA:146,20,0,0
BRDA:146,20,1,0
BRDA:147,21,0,0
BRDA:147,21,1,0
BRDA:148,22,0,0
BRDA:148,22,1,0
BRDA:154,23,0,0
BRDA:154,23,1,0
BRDA:254,24,0,0
BRDA:254,24,1,0
BRDA:273,25,0,0
BRDA:273,25,1,0
BRDA:281,26,0,0
BRDA:281,26,1,0
BRF:49
BRH:0
end_of_record
TN:
SF:src/components/SessionStatus.jsx
FN:5,(anonymous_0)
FN:9,(anonymous_1)
FN:11,(anonymous_2)
FN:12,(anonymous_3)
FN:18,(anonymous_4)
FN:35,(anonymous_5)
FN:42,(anonymous_6)
FN:55,(anonymous_7)
FNF:8
FNH:0
FNDA:0,(anonymous_0)
FNDA:0,(anonymous_1)
FNDA:0,(anonymous_2)
FNDA:0,(anonymous_3)
FNDA:0,(anonymous_4)
FNDA:0,(anonymous_5)
FNDA:0,(anonymous_6)
FNDA:0,(anonymous_7)
DA:5,0
DA:6,0
DA:7,0
DA:9,0
DA:11,0
DA:12,0
DA:14,0
DA:15,0
DA:18,0
DA:19,0
DA:20,0
DA:21,0
DA:22,0
DA:23,0
DA:25,0
DA:28,0
DA:32,0
DA:33,0
DA:35,0
DA:36,0
DA:37,0
DA:38,0
DA:42,0
DA:43,0
DA:45,0
DA:46,0
DA:48,0
DA:49,0
DA:50,0
DA:52,0
DA:55,0
DA:56,0
DA:57,0
DA:58,0
DA:61,0
LF:35
LH:0
BRDA:20,0,0,0
BRDA:20,0,1,0
BRDA:22,1,0,0
BRDA:22,1,1,0
BRDA:43,2,0,0
BRDA:43,2,1,0
BRDA:43,3,0,0
BRDA:43,3,1,0
BRDA:48,4,0,0
BRDA:48,4,1,0
BRDA:56,5,0,0
BRDA:56,5,1,0
BRDA:56,6,0,0
BRDA:56,6,1,0
BRDA:57,7,0,0
BRDA:57,7,1,0
BRDA:65,8,0,0
BRDA:65,8,1,0
BRDA:70,9,0,0
BRDA:70,9,1,0
BRDA:74,10,0,0
BRDA:74,10,1,0
BRF:22
BRH:0
end_of_record
TN:
SF:src/components/SettingsMigrationManager.jsx
FN:10,(anonymous_0)
FN:21,(anonymous_1)
FN:27,(anonymous_2)
FN:32,(anonymous_3)
FN:49,(anonymous_4)
FN:96,(anonymous_5)
FN:102,(anonymous_6)
FN:111,(anonymous_7)
FN:115,(anonymous_8)
FN:127,(anonymous_9)
FN:131,(anonymous_10)
FN:143,(anonymous_11)
FN:147,(anonymous_12)
FN:150,(anonymous_13)
FN:154,(anonymous_14)
FN:164,(anonymous_15)
FN:174,(anonymous_16)
FN:182,(anonymous_17)
FN:279,(anonymous_18)
FN:289,(anonymous_19)
FN:315,(anonymous_20)
FN:332,(anonymous_21)
FN:352,(anonymous_22)
FN:366,(anonymous_23)
FN:407,(anonymous_24)
FN:415,(anonymous_25)
FN:421,(anonymous_26)
FN:427,(anonymous_27)
FN:433,(anonymous_28)
FNF:29
FNH:0
FNDA:0,(anonymous_0)
FNDA:0,(anonymous_1)
FNDA:0,(anonymous_2)
FNDA:0,(anonymous_3)
FNDA:0,(anonymous_4)
FNDA:0,(anonymous_5)
FNDA:0,(anonymous_6)
FNDA:0,(anonymous_7)
FNDA:0,(anonymous_8)
FNDA:0,(anonymous_9)
FNDA:0,(anonymous_10)
FNDA:0,(anonymous_11)
FNDA:0,(anonymous_12)
FNDA:0,(anonymous_13)
FNDA:0,(anonymous_14)
FNDA:0,(anonymous_15)
FNDA:0,(anonymous_16)
FNDA:0,(anonymous_17)
FNDA:0,(anonymous_18)
FNDA:0,(anonymous_19)
FNDA:0,(anonymous_20)
FNDA:0,(anonymous_21)
FNDA:0,(anonymous_22)
FNDA:0,(anonymous_23)
FNDA:0,(anonymous_24)
FNDA:0,(anonymous_25)
FNDA:0,(anonymous_26)
FNDA:0,(anonymous_27)
FNDA:0,(anonymous_28)
DA:10,0
DA:11,0
DA:12,0
DA:13,0
DA:14,0
DA:15,0
DA:16,0
DA:17,0
DA:18,0
DA:21,0
DA:22,0
DA:25,0
DA:27,0
DA:28,0
DA:32,0
DA:33,0
DA:34,0
DA:35,0
DA:36,0
DA:37,0
DA:39,0
DA:40,0
DA:41,0
DA:43,0
DA:45,0
DA:49,0
DA:50,0
DA:52,0
DA:53,0
DA:54,0
DA:57,0
DA:58,0
DA:59,0
DA:60,0
DA:63,0
DA:64,0
DA:65,0
DA:66,0
DA:69,0
DA:70,0
DA:71,0
DA:72,0
DA:75,0
DA:76,0
DA:77,0
DA:78,0
DA:81,0
DA:82,0
DA:83,0
DA:86,0
DA:87,0
DA:88,0
DA:91,0
DA:92,0
DA:96,0
DA:97,0
DA:99,0
DA:103,0
DA:104,0
DA:105,0
DA:107,0
DA:109,0
DA:111,0
DA:115,0
DA:116,0
DA:117,0
DA:118,0
DA:119,0
DA:121,0
DA:123,0
DA:127,0
DA:128,0
DA:132,0
DA:133,0
DA:134,0
DA:135,0
DA:137,0
DA:139,0
DA:141,0
DA:143,0
DA:147,0
DA:148,0
DA:149,0
DA:150,0
DA:151,0
DA:154,0
DA:155,0
DA:156,0
DA:157,0
DA:158,0
DA:159,0
DA:160,0
DA:164,0
DA:165,0
DA:166,0
DA:167,0
DA:168,0
DA:169,0
DA:170,0
DA:174,0
DA:175,0
DA:176,0
DA:177,0
DA:178,0
DA:179,0
DA:182,0
DA:183,0
DA:279,0
DA:280,0
DA:290,0
DA:315,0
DA:316,0
DA:333,0
DA:352,0
DA:366,0
DA:367,0
DA:369,0
DA:394,0
DA:407,0
DA:415,0
DA:421,0
DA:427,0
DA:433,0
LF:123
LH:0
BRDA:50,0,0,0
BRDA:50,0,1,0
BRDA:50,0,2,0
BRDA:50,0,3,0
BRDA:50,0,4,0
BRDA:50,0,5,0
BRDA:50,0,6,0
BRDA:50,0,7,0
BRDA:97,1,0,0
BRDA:97,1,1,0
BRDA:151,2,0,0
BRDA:151,2,1,0
BRDA:155,3,0,0
BRDA:155,3,1,0
BRDA:155,3,2,0
BRDA:155,3,3,0
BRDA:155,3,4,0
BRDA:165,4,0,0
BRDA:165,4,1,0
BRDA:165,4,2,0
BRDA:165,4,3,0
BRDA:165,4,4,0
BRDA:175,5,0,0
BRDA:175,5,1,0
BRDA:187,6,0,0
BRDA:187,6,1,0
BRDA:208,7,0,0
BRDA:208,7,1,0
BRDA:209,8,0,0
BRDA:209,8,1,0
BRDA:215,9,0,0
BRDA:215,9,1,0
BRDA:237,10,0,0
BRDA:237,10,1,0
BRDA:237,10,2,0
BRDA:240,11,0,0
BRDA:240,11,1,0
BRDA:260,12,0,0
BRDA:260,12,1,0
BRDA:262,13,0,0
BRDA:262,13,1,0
BRDA:263,14,0,0
BRDA:263,14,1,0
BRDA:283,15,0,0
BRDA:283,15,1,0
BRDA:304,16,0,0
BRDA:304,16,1,0
BRDA:319,17,0,0
BRDA:319,17,1,0
BRDA:343,18,0,0
BRDA:343,18,1,0
BRDA:367,19,0,0
BRDA:367,19,1,0
BRDA:403,20,0,0
BRDA:403,20,1,0
BRDA:411,21,0,0
BRDA:411,21,1,0
BRDA:422,22,0,0
BRDA:422,22,1,0
BRDA:428,23,0,0
BRDA:428,23,1,0
BRDA:434,24,0,0
BRDA:434,24,1,0
BRDA:441,25,0,0
BRDA:441,25,1,0
BRDA:448,26,0,0
BRDA:448,26,1,0
BRDA:449,27,0,0
BRDA:449,27,1,0
BRDA:450,28,0,0
BRDA:450,28,1,0
BRF:71
BRH:0
end_of_record
TN:
SF:src/components/StatisticsCard.jsx
FN:3,(anonymous_0)
FNF:1
FNH:0
FNDA:0,(anonymous_0)
DA:3,0
DA:11,0
DA:20,0
LF:3
LH:0
BRDA:7,0,0,0
BRDA:9,1,0,0
BRDA:23,2,0,0
BRDA:23,2,1,0
BRDA:28,3,0,0
BRDA:28,3,1,0
BRDA:37,4,0,0
BRDA:37,4,1,0
BRF:8
BRH:0
end_of_record
TN:
SF:src/components/StatusDashboard.jsx
FN:16,(anonymous_0)
FN:32,(anonymous_1)
FN:37,(anonymous_2)
FN:47,(anonymous_3)
FN:53,(anonymous_4)
FN:59,(anonymous_5)
FN:64,(anonymous_6)
FN:74,(anonymous_7)
FN:77,(anonymous_8)
FN:81,(anonymous_9)
FN:96,(anonymous_10)
FN:109,(anonymous_11)
FN:122,(anonymous_12)
FN:132,(anonymous_13)
FN:297,(anonymous_14)
FN:320,(anonymous_15)
FNF:16
FNH:0
FNDA:0,(anonymous_0)
FNDA:0,(anonymous_1)
FNDA:0,(anonymous_2)
FNDA:0,(anonymous_3)
FNDA:0,(anonymous_4)
FNDA:0,(anonymous_5)
FNDA:0,(anonymous_6)
FNDA:0,(anonymous_7)
FNDA:0,(anonymous_8)
FNDA:0,(anonymous_9)
FNDA:0,(anonymous_10)
FNDA:0,(anonymous_11)
FNDA:0,(anonymous_12)
FNDA:0,(anonymous_13)
FNDA:0,(anonymous_14)
FNDA:0,(anonymous_15)
DA:16,0
DA:24,0
DA:25,0
DA:26,0
DA:27,0
DA:28,0
DA:29,0
DA:30,0
DA:32,0
DA:34,0
DA:37,0
DA:38,0
DA:39,0
DA:41,0
DA:43,0
DA:47,0
DA:48,0
DA:49,0
DA:53,0
DA:54,0
DA:58,0
DA:59,0
DA:60,0
DA:64,0
DA:65,0
DA:66,0
DA:67,0
DA:68,0
DA:69,0
DA:74,0
DA:75,0
DA:76,0
DA:77,0
DA:78,0
DA:81,0
DA:82,0
DA:83,0
DA:84,0
DA:85,0
DA:86,0
DA:87,0
DA:89,0
DA:90,0
DA:92,0
DA:96,0
DA:97,0
DA:99,0
DA:101,0
DA:103,0
DA:105,0
DA:109,0
DA:110,0
DA:112,0
DA:114,0
DA:116,0
DA:118,0
DA:122,0
DA:123,0
DA:124,0
DA:125,0
DA:127,0
DA:128,0
DA:129,0
DA:132,0
DA:133,0
DA:134,0
DA:135,0
DA:136,0
DA:137,0
DA:140,0
DA:142,0
DA:298,0
DA:321,0
LF:73
LH:0
BRDA:17,0,0,0
BRDA:18,1,0,0
BRDA:19,2,0,0
BRDA:20,3,0,0
BRDA:21,4,0,0
BRDA:22,5,0,0
BRDA:38,6,0,0
BRDA:38,6,1,0
BRDA:58,7,0,0
BRDA:58,7,1,0
BRDA:68,8,0,0
BRDA:68,8,1,0
BRDA:77,9,0,0
BRDA:77,9,1,0
BRDA:97,10,0,0
BRDA:97,10,1,0
BRDA:97,10,2,0
BRDA:97,10,3,0
BRDA:110,11,0,0
BRDA:110,11,1,0
BRDA:110,11,2,0
BRDA:110,11,3,0
BRDA:127,12,0,0
BRDA:127,12,1,0
BRDA:128,13,0,0
BRDA:128,13,1,0
BRDA:133,14,0,0
BRDA:133,14,1,0
BRDA:153,15,0,0
BRDA:153,15,1,0
BRDA:159,16,0,0
BRDA:159,16,1,0
BRDA:163,17,0,0
BRDA:163,17,1,0
BRDA:173,18,0,0
BRDA:173,18,1,0
BRDA:179,19,0,0
BRDA:179,19,1,0
BRDA:185,20,0,0
BRDA:185,20,1,0
BRDA:185,20,2,0
BRDA:186,21,0,0
BRDA:186,21,1,0
BRDA:206,22,0,0
BRDA:206,22,1,0
BRDA:219,23,0,0
BRDA:219,23,1,0
BRDA:232,24,0,0
BRDA:232,24,1,0
BRDA:242,25,0,0
BRDA:242,25,1,0
BRDA:242,25,2,0
BRDA:242,25,3,0
BRDA:251,26,0,0
BRDA:251,26,1,0
BRDA:258,27,0,0
BRDA:258,27,1,0
BRDA:268,28,0,0
BRDA:268,28,1,0
BRDA:275,29,0,0
BRDA:275,29,1,0
BRDA:284,30,0,0
BRDA:284,30,1,0
BRDA:290,31,0,0
BRDA:290,31,1,0
BRDA:299,32,0,0
BRDA:299,32,1,0
BRDA:313,33,0,0
BRDA:313,33,1,0
BRDA:337,34,0,0
BRDA:337,34,1,0
BRF:71
BRH:0
end_of_record
TN:
SF:src/components/SystemHealth.jsx
FN:8,(anonymous_0)
FN:15,(anonymous_1)
FN:19,(anonymous_2)
FN:22,(anonymous_3)
FN:43,(anonymous_4)
FN:58,(anonymous_5)
FN:72,(anonymous_6)
FN:86,(anonymous_7)
FN:243,(anonymous_8)
FNF:9
FNH:0
FNDA:0,(anonymous_0)
FNDA:0,(anonymous_1)
FNDA:0,(anonymous_2)
FNDA:0,(anonymous_3)
FNDA:0,(anonymous_4)
FNDA:0,(anonymous_5)
FNDA:0,(anonymous_6)
FNDA:0,(anonymous_7)
FNDA:0,(anonymous_8)
DA:8,0
DA:9,0
DA:10,0
DA:11,0
DA:12,0
DA:13,0
DA:15,0
DA:16,0
DA:18,0
DA:19,0
DA:22,0
DA:23,0
DA:24,0
DA:25,0
DA:27,0
DA:32,0
DA:33,0
DA:34,0
DA:36,0
DA:37,0
DA:39,0
DA:43,0
DA:44,0
DA:47,0
DA:49,0
DA:52,0
DA:54,0
DA:58,0
DA:59,0
DA:73,0
DA:86,0
DA:87,0
DA:108,0
DA:109,0
DA:121,0
DA:122,0
DA:140,0
DA:244,0
LF:38
LH:0
BRDA:44,0,0,0
BRDA:44,0,1,0
BRDA:44,0,2,0
BRDA:44,0,3,0
BRDA:44,0,4,0
BRDA:44,0,5,0
BRDA:69,1,0,0
BRDA:69,1,1,0
BRDA:71,2,0,0
BRDA:71,2,1,0
BRDA:92,3,0,0
BRDA:92,3,1,0
BRDA:98,4,0,0
BRDA:98,4,1,0
BRDA:100,5,0,0
BRDA:100,5,1,0
BRDA:100,6,0,0
BRDA:100,6,1,0
BRDA:101,7,0,0
BRDA:101,7,1,0
BRDA:101,8,0,0
BRDA:101,8,1,0
BRDA:108,9,0,0
BRDA:108,9,1,0
BRDA:108,10,0,0
BRDA:108,10,1,0
BRDA:121,11,0,0
BRDA:121,11,1,0
BRDA:148,12,0,0
BRDA:148,12,1,0
BRDA:158,13,0,0
BRDA:158,13,1,0
BRDA:164,14,0,0
BRDA:164,14,1,0
BRDA:168,15,0,0
BRDA:168,15,1,0
BRDA:174,16,0,0
BRDA:174,16,1,0
BRDA:180,17,0,0
BRDA:180,17,1,0
BRDA:181,18,0,0
BRDA:181,18,1,0
BRDA:186,19,0,0
BRDA:186,19,1,0
BRDA:187,20,0,0
BRDA:187,20,1,0
BRDA:197,21,0,0
BRDA:197,21,1,0
BRDA:199,22,0,0
BRDA:199,22,1,0
BRDA:200,23,0,0
BRDA:200,23,1,0
BRDA:207,24,0,0
BRDA:207,24,1,0
BRDA:208,25,0,0
BRDA:208,25,1,0
BRDA:212,26,0,0
BRDA:212,26,1,0
BRDA:215,27,0,0
BRDA:215,27,1,0
BRDA:219,28,0,0
BRDA:219,28,1,0
BRDA:225,29,0,0
BRDA:225,29,1,0
BRDA:236,30,0,0
BRDA:236,30,1,0
BRDA:249,31,0,0
BRDA:249,31,1,0
BRDA:249,32,0,0
BRDA:249,32,1,0
BRF:70
BRH:0
end_of_record
TN:
SF:src/components/SystemPerformanceDashboard.jsx
FN:68,(anonymous_0)
FN:104,(anonymous_1)
FN:112,(anonymous_2)
FN:136,(anonymous_3)
FN:146,(anonymous_4)
FN:156,(anonymous_5)
FN:170,(anonymous_6)
FN:174,(anonymous_7)
FN:181,(anonymous_8)
FN:189,(anonymous_9)
FN:255,(anonymous_10)
FN:261,(anonymous_11)
FN:275,(anonymous_12)
FN:389,(anonymous_13)
FN:456,(anonymous_14)
FN:470,(anonymous_15)
FN:496,(anonymous_16)
FN:501,(anonymous_17)
FN:526,(anonymous_18)
FN:552,(anonymous_19)
FNF:20
FNH:0
FNDA:0,(anonymous_0)
FNDA:0,(anonymous_1)
FNDA:0,(anonymous_2)
FNDA:0,(anonymous_3)
FNDA:0,(anonymous_4)
FNDA:0,(anonymous_5)
FNDA:0,(anonymous_6)
FNDA:0,(anonymous_7)
FNDA:0,(anonymous_8)
FNDA:0,(anonymous_9)
FNDA:0,(anonymous_10)
FNDA:0,(anonymous_11)
FNDA:0,(anonymous_12)
FNDA:0,(anonymous_13)
FNDA:0,(anonymous_14)
FNDA:0,(anonymous_15)
FNDA:0,(anonymous_16)
FNDA:0,(anonymous_17)
FNDA:0,(anonymous_18)
FNDA:0,(anonymous_19)
DA:56,0
DA:68,0
DA:69,0
DA:70,0
DA:71,0
DA:72,0
DA:73,0
DA:76,0
DA:83,0
DA:92,0
DA:100,0
DA:101,0
DA:104,0
DA:105,0
DA:106,0
DA:107,0
DA:108,0
DA:111,0
DA:112,0
DA:113,0
DA:114,0
DA:115,0
DA:116,0
DA:117,0
DA:119,0
DA:128,0
DA:130,0
DA:131,0
DA:136,0
DA:137,0
DA:138,0
DA:139,0
DA:141,0
DA:146,0
[...]
DA:725,0
DA:728,0
DA:729,0
DA:732,0
DA:733,0
DA:735,0
DA:736,0
DA:738,0
DA:740,0
DA:741,0
DA:747,0
LF:162
LH:0
BRDA:293,0,0,0
BRDA:293,0,1,0
BRDA:298,1,0,0
BRDA:298,1,1,0
BRDA:305,2,0,0
BRDA:305,2,1,0
BRDA:310,3,0,0
BRDA:310,3,1,0
BRDA:320,4,0,0
BRDA:320,4,1,0
BRDA:333,5,0,0
BRDA:333,5,1,0
BRDA:338,6,0,0
BRDA:338,6,1,0
BRDA:354,7,0,0
BRDA:354,7,1,0
BRDA:355,8,0,0
BRDA:355,8,1,0
BRDA:356,9,0,0
BRDA:356,9,1,0
BRDA:367,10,0,0
BRDA:369,11,0,0
BRDA:369,11,1,0
BRDA:377,12,0,0
BRDA:377,12,1,0
BRDA:377,13,0,0
BRDA:377,13,1,0
BRDA:401,14,0,0
BRDA:401,14,1,0
BRDA:408,15,0,0
BRDA:408,15,1,0
BRDA:415,16,0,0
BRDA:415,16,1,0
BRDA:422,17,0,0
BRDA:422,17,1,0
BRDA:480,18,0,0
BRDA:480,18,1,0
BRDA:480,19,0,0
BRDA:480,19,1,0
BRDA:480,19,2,0
BRDA:480,19,3,0
BRDA:480,19,4,0
BRDA:480,19,5,0
BRDA:513,20,0,0
BRDA:513,20,1,0
BRDA:517,21,0,0
BRDA:517,21,1,0
BRDA:528,22,0,0
BRDA:528,22,1,0
BRDA:528,23,0,0
BRDA:528,23,1,0
BRDA:557,24,0,0
BRDA:557,24,1,0
BRDA:575,25,0,0
BRDA:575,25,1,0
BRDA:603,26,0,0
BRDA:603,26,1,0
BRDA:699,27,0,0
BRDA:699,27,1,0
BRDA:713,28,0,0
BRDA:713,28,1,0
BRDA:725,29,0,0
BRDA:725,29,1,0
BRDA:728,30,0,0
BRDA:728,30,1,0
BRDA:728,31,0,0
BRDA:728,31,1,0
BRDA:728,31,2,0
BRF:68
BRH:0
end_of_record
TN:
SF:src/services/transcriptExportService.js
FN:41,(anonymous_0)
FN:50,(anonymous_1)
FN:69,(anonymous_2)
FN:89,(anonymous_3)
FN:113,(anonymous_4)
FN:160,(anonymous_5)
FN:180,(anonymous_6)
FN:205,(anonymous_7)
FN:218,(anonymous_8)
FN:224,(anonymous_9)
FN:259,(anonymous_10)
FN:272,(anonymous_11)
FN:288,(anonymous_12)
FN:304,(anonymous_13)
FN:311,(anonymous_14)
FN:320,(anonymous_15)
FN:329,(anonymous_16)
FN:336,(anonymous_17)
FNF:18
FNH:0
FNDA:0,(anonymous_0)
FNDA:0,(anonymous_1)
FNDA:0,(anonymous_2)
FNDA:0,(anonymous_3)
FNDA:0,(anonymous_4)
FNDA:0,(anonymous_5)
FNDA:0,(anonymous_6)
FNDA:0,(anonymous_7)
FNDA:0,(anonymous_8)
FNDA:0,(anonymous_9)
FNDA:0,(anonymous_10)
FNDA:0,(anonymous_11)
FNDA:0,(anonymous_12)
FNDA:0,(anonymous_13)
FNDA:0,(anonymous_14)
FNDA:0,(anonymous_15)
FNDA:0,(anonymous_16)
FNDA:0,(anonymous_17)
DA:13,0
DA:25,0
DA:42,0
DA:43,0
DA:44,0
DA:51,0
DA:52,0
DA:53,0
DA:55,0
DA:56,0
DA:57,0
DA:58,0
DA:59,0
DA:61,0
DA:62,0
DA:70,0
DA:71,0
DA:72,0
DA:74,0
DA:75,0
DA:76,0
DA:77,0
DA:78,0
DA:79,0
DA:81,0
DA:82,0
DA:90,0
DA:91,0
DA:102,0
DA:103,0
DA:105,0
DA:106,0
DA:114,0
DA:115,0
DA:116,0
DA:117,0
DA:120,0
DA:129,0
DA:130,0
DA:132,0
DA:133,0
DA:134,0
DA:135,0
DA:140,0
DA:141,0
DA:142,0
DA:143,0
DA:144,0
DA:145,0
DA:146,0
DA:147,0
DA:148,0
DA:150,0
DA:152,0
DA:153,0
DA:161,0
DA:162,0
DA:169,0
DA:170,0
DA:172,0
DA:173,0
DA:181,0
DA:182,0
DA:186,0
DA:187,0
DA:190,0
DA:195,0
DA:197,0
DA:198,0
DA:206,0
DA:207,0
DA:208,0
DA:210,0
DA:211,0
DA:219,0
DA:222,0
DA:223,0
DA:224,0
DA:225,0
DA:229,0
DA:230,0
DA:234,0
DA:235,0
DA:237,0
DA:238,0
DA:241,0
DA:242,0
DA:245,0
DA:246,0
DA:250,0
DA:260,0
DA:262,0
DA:263,0
DA:264,0
DA:266,0
DA:273,0
DA:282,0
DA:289,0
DA:298,0
DA:305,0
DA:312,0
DA:313,0
DA:314,0
DA:321,0
DA:322,0
DA:323,0
DA:325,0
DA:326,0
DA:330,0
DA:337,0
LF:110
LH:0
BRDA:53,0,0,0
BRDA:53,0,1,0
BRDA:69,1,0,0
BRDA:70,2,0,0
BRDA:70,2,1,0
BRDA:72,3,0,0
BRDA:72,3,1,0
BRDA:75,4,0,0
BRDA:75,4,1,0
BRDA:89,5,0,0
BRDA:106,6,0,0
BRDA:106,6,1,0
BRDA:113,7,0,0
BRDA:116,8,0,0
BRDA:116,8,1,0
BRDA:132,9,0,0
BRDA:132,9,1,0
BRDA:134,10,0,0
BRDA:134,10,1,0
BRDA:134,11,0,0
BRDA:134,11,1,0
BRDA:153,12,0,0
BRDA:153,12,1,0
BRDA:160,13,0,0
BRDA:173,14,0,0
BRDA:173,14,1,0
BRDA:180,15,0,0
BRDA:183,16,0,0
BRDA:183,16,1,0
BRDA:186,17,0,0
BRDA:186,17,1,0
BRDA:198,18,0,0
BRDA:198,18,1,0
BRDA:218,19,0,0
BRDA:222,20,0,0
BRDA:222,20,1,0
BRDA:224,21,0,0
BRDA:224,21,1,0
BRDA:229,22,0,0
BRDA:229,22,1,0
BRDA:229,23,0,0
BRDA:229,23,1,0
BRDA:234,24,0,0
BRDA:234,24,1,0
BRDA:237,25,0,0
BRDA:237,25,1,0
BRDA:237,26,0,0
BRDA:237,26,1,0
BRDA:237,26,2,0
BRDA:241,27,0,0
BRDA:241,27,1,0
BRDA:241,28,0,0
BRDA:241,28,1,0
BRDA:241,28,2,0
BRDA:245,29,0,0
BRDA:245,29,1,0
BRDA:245,30,0,0
BRDA:245,30,1,0
BRDA:245,30,2,0
BRDA:260,31,0,0
BRDA:260,31,1,0
BRDA:282,32,0,0
BRDA:282,32,1,0
BRDA:298,33,0,0
BRDA:298,33,1,0
BRDA:305,34,0,0
BRDA:305,34,1,0
BRDA:311,35,0,0
BRDA:313,36,0,0
BRDA:313,36,1,0
BRDA:322,37,0,0
BRDA:322,37,1,0
BRDA:322,38,0,0
BRDA:322,38,1,0
BRF:74
BRH:0
end_of_record
TN:
SF:src/services/transcriptManagementService.js
FN:16,(anonymous_0)
FN:25,(anonymous_1)
FN:32,(anonymous_2)
FN:39,(anonymous_3)
FN:40,(anonymous_4)
FN:57,(anonymous_5)
FN:72,(anonymous_6)
FN:90,(anonymous_7)
FN:105,(anonymous_8)
FN:121,(anonymous_9)
FN:137,(anonymous_10)
FN:153,(anonymous_11)
FN:168,(anonymous_12)
FN:184,(anonymous_13)
FN:200,(anonymous_14)
FN:215,(anonymous_15)
FN:233,(anonymous_16)
FN:248,(anonymous_17)
FN:264,(anonymous_18)
FN:279,(anonymous_19)
FN:296,(anonymous_20)
FN:310,(anonymous_21)
FN:327,(anonymous_22)
FN:341,(anonymous_23)
FN:356,(anonymous_24)
FN:370,(anonymous_25)
FN:427,(anonymous_26)
FN:434,(anonymous_27)
FN:450,(anonymous_28)
FN:475,(anonymous_29)
FN:486,(anonymous_30)
FN:518,(anonymous_31)
FN:547,(anonymous_32)
FN:572,(anonymous_33)
FNF:34
FNH:0
FNDA:0,(anonymous_0)
FNDA:0,(anonymous_1)
FNDA:0,(anonymous_2)
FNDA:0,(anonymous_3)
FNDA:0,(anonymous_4)
FNDA:0,(anonymous_5)
FNDA:0,(anonymous_6)
FNDA:0,(anonymous_7)
FNDA:0,(anonymous_8)
FNDA:0,(anonymous_9)
FNDA:0,(anonymous_10)
FNDA:0,(anonymous_11)
FNDA:0,(anonymous_12)
FNDA:0,(anonymous_13)
FNDA:0,(anonymous_14)
FNDA:0,(anonymous_15)
FNDA:0,(anonymous_16)
FNDA:0,(anonymous_17)
FNDA:0,(anonymous_18)
FNDA:0,(anonymous_19)
FNDA:0,(anonymous_20)
FNDA:0,(anonymous_21)
FNDA:0,(anonymous_22)
FNDA:0,(anonymous_23)
FNDA:0,(anonymous_24)
FNDA:0,(anonymous_25)
FNDA:0,(anonymous_26)
FNDA:0,(anonymous_27)
FNDA:0,(anonymous_28)
FNDA:0,(anonymous_29)
FNDA:0,(anonymous_30)
FNDA:0,(anonymous_31)
FNDA:0,(anonymous_32)
FNDA:0,(anonymous_33)
DA:17,0
DA:18,0
DA:24,0
DA:26,0
DA:27,0
DA:28,0
DA:30,0
DA:33,0
DA:38,0
DA:39,0
DA:41,0
DA:43,0
DA:45,0
DA:58,0
DA:59,0
DA:60,0
DA:62,0
DA:64,0
DA:73,0
DA:74,0
DA:75,0
DA:77,0
DA:78,0
DA:91,0
DA:92,0
DA:93,0
DA:95,0
DA:96,0
DA:106,0
DA:107,0
DA:108,0
DA:110,0
DA:111,0
DA:122,0
DA:123,0
DA:124,0
DA:126,0
DA:127,0
DA:138,0
DA:139,0
DA:140,0
DA:142,0
DA:143,0
DA:154,0
DA:155,0
DA:156,0
DA:158,0
DA:159,0
DA:169,0
DA:170,0
DA:171,0
DA:173,0
DA:174,0
DA:185,0
DA:186,0
DA:187,0
DA:189,0
DA:190,0
DA:201,0
DA:202,0
DA:203,0
DA:205,0
DA:206,0
DA:216,0
DA:217,0
DA:218,0
DA:220,0
DA:221,0
DA:234,0
DA:235,0
DA:236,0
DA:238,0
DA:239,0
DA:249,0
DA:250,0
DA:251,0
DA:253,0
DA:254,0
DA:265,0
DA:266,0
DA:267,0
DA:269,0
DA:270,0
DA:280,0
DA:281,0
DA:282,0
DA:284,0
DA:285,0
DA:297,0
DA:298,0
DA:299,0
DA:301,0
DA:302,0
DA:311,0
DA:312,0
DA:313,0
DA:315,0
DA:316,0
DA:328,0
DA:329,0
DA:330,0
DA:332,0
DA:333,0
DA:342,0
DA:343,0
DA:344,0
DA:346,0
DA:347,0
DA:357,0
DA:358,0
DA:361,0
DA:363,0
DA:364,0
DA:371,0
DA:423,0
DA:425,0
DA:426,0
DA:427,0
DA:428,0
DA:433,0
DA:434,0
DA:435,0
DA:439,0
DA:451,0
DA:476,0
DA:487,0
DA:519,0
DA:548,0
DA:573,0
DA:597,0
LF:130
LH:0
BRDA:27,0,0,0
BRDA:27,0,1,0
BRDA:41,1,0,0
BRDA:41,1,1,0
BRDA:425,2,0,0
BRDA:425,2,1,0
BRDA:428,3,0,0
BRDA:428,3,1,0
BRDA:433,4,0,0
BRDA:433,4,1,0
BRDA:433,5,0,0
BRDA:433,5,1,0
BRDA:442,6,0,0
BRDA:442,6,1,0
BRDA:443,7,0,0
BRDA:443,7,1,0
BRDA:444,8,0,0
BRDA:444,8,1,0
BRF:18
BRH:0
end_of_record
TN:
SF:src/services/transcriptSearchService.js
FN:32,(anonymous_0)
FN:72,(anonymous_1)
FN:96,(anonymous_2)
FN:118,(anonymous_3)
FN:138,(anonymous_4)
FN:159,(anonymous_5)
FN:160,(anonymous_6)
FN:174,(anonymous_7)
FN:194,(anonymous_8)
FN:203,(anonymous_9)
FN:205,(anonymous_10)
FN:216,(anonymous_11)
FN:219,(anonymous_12)
FN:234,(anonymous_13)
FN:244,(anonymous_14)
FN:262,(anonymous_15)
FN:276,(anonymous_16)
FN:299,(anonymous_17)
FN:328,(anonymous_18)
FN:330,executedFunction
FN:331,(anonymous_20)
FN:346,(anonymous_21)
FNF:22
FNH:0
FNDA:0,(anonymous_0)
FNDA:0,(anonymous_1)
FNDA:0,(anonymous_2)
FNDA:0,(anonymous_3)
FNDA:0,(anonymous_4)
FNDA:0,(anonymous_5)
FNDA:0,(anonymous_6)
FNDA:0,(anonymous_7)
FNDA:0,(anonymous_8)
FNDA:0,(anonymous_9)
FNDA:0,(anonymous_10)
FNDA:0,(anonymous_11)
FNDA:0,(anonymous_12)
FNDA:0,(anonymous_13)
FNDA:0,(anonymous_14)
FNDA:0,(anonymous_15)
FNDA:0,(anonymous_16)
FNDA:0,(anonymous_17)
FNDA:0,(anonymous_18)
FNDA:0,executedFunction
FNDA:0,(anonymous_20)
FNDA:0,(anonymous_21)
DA:10,0
DA:17,0
DA:40,0
DA:42,0
DA:51,0
DA:52,0
DA:53,0
DA:58,0
DA:59,0
DA:73,0
DA:74,0
DA:77,0
DA:82,0
DA:83,0
DA:97,0
DA:98,0
DA:101,0
DA:106,0
DA:107,0
DA:119,0
DA:120,0
DA:121,0
DA:126,0
DA:127,0
DA:139,0
DA:140,0
DA:141,0
DA:146,0
DA:147,0
DA:160,0
DA:175,0
DA:176,0
DA:177,0
DA:178,0
DA:179,0
DA:180,0
DA:182,0
DA:183,0
DA:184,0
DA:195,0
DA:196,0
DA:199,0
DA:200,0
DA:203,0
DA:204,0
DA:205,0
DA:206,0
DA:216,0
DA:219,0
DA:220,0
DA:221,0
DA:222,0
DA:223,0
DA:226,0
DA:235,0
DA:237,0
DA:238,0
DA:239,0
DA:240,0
DA:241,0
DA:244,0
DA:245,0
DA:246,0
DA:247,0
DA:249,0
DA:254,0
DA:263,0
DA:264,0
DA:274,0
DA:276,0
DA:277,0
DA:278,0
DA:279,0
DA:280,0
DA:281,0
DA:282,0
DA:283,0
DA:284,0
DA:286,0
DA:291,0
DA:300,0
DA:302,0
DA:303,0
DA:306,0
DA:307,0
DA:311,0
DA:312,0
DA:313,0
DA:316,0
DA:330,0
DA:331,0
DA:332,0
DA:333,0
DA:335,0
DA:336,0
DA:347,0
DA:352,0
LF:97
LH:0
BRDA:35,0,0,0
BRDA:36,1,0,0
BRDA:37,2,0,0
BRDA:38,3,0,0
BRDA:39,4,0,0
BRDA:61,5,0,0
BRDA:61,5,1,0
BRDA:72,6,0,0
BRDA:85,7,0,0
BRDA:85,7,1,0
BRDA:96,8,0,0
BRDA:109,9,0,0
BRDA:109,9,1,0
BRDA:129,10,0,0
BRDA:129,10,1,0
BRDA:149,11,0,0
BRDA:149,11,1,0
BRDA:162,12,0,0
BRDA:162,12,1,0
BRDA:163,13,0,0
BRDA:163,13,1,0
BRDA:165,14,0,0
BRDA:165,14,1,0
BRDA:175,15,0,0
BRDA:175,15,1,0
BRDA:177,16,0,0
BRDA:177,16,1,0
BRDA:195,17,0,0
BRDA:195,17,1,0
BRDA:195,18,0,0
BRDA:195,18,1,0
BRDA:204,19,0,0
BRDA:204,19,1,0
BRDA:237,20,0,0
BRDA:237,20,1,0
BRDA:238,21,0,0
BRDA:238,21,1,0
BRDA:239,22,0,0
BRDA:239,22,1,0
BRDA:240,23,0,0
BRDA:240,23,1,0
BRDA:241,24,0,0
BRDA:241,24,1,0
BRDA:244,25,0,0
BRDA:244,25,1,0
BRDA:245,26,0,0
BRDA:245,26,1,0
BRDA:245,27,0,0
BRDA:245,27,1,0
BRDA:246,28,0,0
BRDA:246,28,1,0
BRDA:265,29,0,0
BRDA:265,29,1,0
BRDA:266,30,0,0
BRDA:266,30,1,0
BRDA:267,31,0,0
BRDA:267,31,1,0
BRDA:268,32,0,0
BRDA:268,32,1,0
BRDA:269,33,0,0
BRDA:269,33,1,0
BRDA:278,34,0,0
BRDA:278,34,1,0
BRDA:279,35,0,0
BRDA:279,35,1,0
BRDA:279,36,0,0
BRDA:279,36,1,0
BRDA:281,37,0,0
BRDA:281,37,1,0
BRDA:281,38,0,0
BRDA:281,38,1,0
BRDA:283,39,0,0
BRDA:283,39,1,0
BRDA:283,40,0,0
BRDA:283,40,1,0
BRDA:283,40,2,0
BRDA:283,40,3,0
BRDA:302,41,0,0
BRDA:302,41,1,0
BRDA:302,42,0,0
BRDA:302,42,1,0
BRDA:306,43,0,0
BRDA:306,43,1,0
BRDA:306,44,0,0
BRDA:306,44,1,0
BRDA:312,45,0,0
BRDA:312,45,1,0
BRDA:312,46,0,0
BRDA:312,46,1,0
BRDA:346,47,0,0
BRF:90
BRH:0
end_of_record
TN:
SF:src/services/uploadPreferencesService.js
FN:7,(anonymous_0)
FN:140,(anonymous_1)
FN:206,(anonymous_2)
FN:222,(anonymous_3)
FN:234,(anonymous_4)
FN:237,(anonymous_5)
FN:249,(anonymous_6)
FN:252,(anonymous_7)
FN:258,(anonymous_8)
FN:280,(anonymous_9)
FN:314,(anonymous_10)
FN:315,(anonymous_11)
FN:323,(anonymous_12)
FN:325,(anonymous_13)
FN:341,(anonymous_14)
FN:353,(anonymous_15)
FN:365,(anonymous_16)
FN:377,(anonymous_17)
FN:389,(anonymous_18)
FN:401,(anonymous_19)
FN:413,(anonymous_20)
FN:423,(anonymous_21)
FN:434,(anonymous_22)
FN:441,(anonymous_23)
FN:449,(anonymous_24)
FN:467,(anonymous_25)
FN:503,(anonymous_26)
FN:519,(anonymous_27)
FN:548,(anonymous_28)
FN:567,(anonymous_29)
FN:568,(anonymous_30)
FN:571,(anonymous_31)
FN:591,(anonymous_32)
FN:602,(anonymous_33)
FN:624,(anonymous_34)
FN:626,(anonymous_35)
FN:632,(anonymous_36)
FN:633,(anonymous_37)
FN:645,(anonymous_38)
FN:652,(anonymous_39)
FN:667,(anonymous_40)
FNF:41
FNH:0
FNDA:0,(anonymous_0)
FNDA:0,(anonymous_1)
FNDA:0,(anonymous_2)
FNDA:0,(anonymous_3)
FNDA:0,(anonymous_4)
FNDA:0,(anonymous_5)
FNDA:0,(anonymous_6)
FNDA:0,(anonymous_7)
FNDA:0,(anonymous_8)
FNDA:0,(anonymous_9)
FNDA:0,(anonymous_10)
FNDA:0,(anonymous_11)
FNDA:0,(anonymous_12)
FNDA:0,(anonymous_13)
FNDA:0,(anonymous_14)
FNDA:0,(anonymous_15)
FNDA:0,(anonymous_16)
FNDA:0,(anonymous_17)
FNDA:0,(anonymous_18)
FNDA:0,(anonymous_19)
FNDA:0,(anonymous_20)
FNDA:0,(anonymous_21)
FNDA:0,(anonymous_22)
FNDA:0,(anonymous_23)
FNDA:0,(anonymous_24)
FNDA:0,(anonymous_25)
FNDA:0,(anonymous_26)
FNDA:0,(anonymous_27)
FNDA:0,(anonymous_28)
FNDA:0,(anonymous_29)
FNDA:0,(anonymous_30)
FNDA:0,(anonymous_31)
FNDA:0,(anonymous_32)
FNDA:0,(anonymous_33)
FNDA:0,(anonymous_34)
FNDA:0,(anonymous_35)
FNDA:0,(anonymous_36)
FNDA:0,(anonymous_37)
FNDA:0,(anonymous_38)
FNDA:0,(anonymous_39)
FNDA:0,(anonymous_40)
DA:8,0
DA:131,0
DA:132,0
DA:133,0
DA:134,0
DA:141,0
DA:207,0
DA:208,0
DA:209,0
DA:210,0
DA:211,0
DA:212,0
DA:215,0
DA:223,0
DA:224,0
DA:225,0
DA:227,0
DA:235,0
DA:237,0
DA:238,0
DA:239,0
DA:243,0
DA:250,0
DA:252,0
DA:253,0
DA:254,0
DA:256,0
DA:258,0
DA:259,0
DA:260,0
DA:262,0
DA:263,0
DA:264,0
DA:269,0
DA:270,0
DA:271,0
DA:274,0
DA:281,0
DA:282,0
DA:283,0
DA:285,0
DA:286,0
DA:288,0
DA:289,0
DA:293,0
DA:294,0
DA:295,0
DA:297,0
DA:298,0
DA:302,0
DA:303,0
DA:304,0
DA:308,0
DA:315,0
DA:316,0
DA:325,0
DA:326,0
DA:327,0
DA:328,0
DA:329,0
DA:330,0
DA:332,0
DA:342,0
DA:346,0
DA:347,0
DA:354,0
DA:358,0
DA:359,0
DA:366,0
DA:370,0
DA:371,0
DA:378,0
DA:382,0
DA:383,0
DA:390,0
DA:394,0
DA:395,0
DA:402,0
DA:406,0
DA:407,0
DA:414,0
DA:415,0
DA:416,0
DA:424,0
DA:425,0
DA:426,0
DA:427,0
DA:435,0
DA:442,0
DA:450,0
DA:468,0
DA:504,0
DA:521,0
DA:522,0
DA:525,0
DA:542,0
DA:549,0
DA:555,0
DA:556,0
DA:557,0
DA:558,0
DA:559,0
DA:560,0
DA:561,0
DA:568,0
DA:569,0
DA:571,0
DA:572,0
DA:573,0
DA:575,0
DA:576,0
DA:580,0
DA:581,0
DA:582,0
DA:583,0
DA:585,0
DA:587,0
DA:591,0
DA:592,0
DA:595,0
DA:603,0
DA:604,0
DA:605,0
DA:616,0
DA:617,0
DA:625,0
DA:626,0
DA:633,0
DA:634,0
DA:635,0
DA:637,0
DA:646,0
DA:653,0
DA:668,0
DA:692,0
LF:135
LH:0
BRDA:209,0,0,0
BRDA:209,0,1,0
BRDA:238,1,0,0
BRDA:238,1,1,0
BRDA:238,2,0,0
BRDA:238,2,1,0
BRDA:256,3,0,0
BRDA:256,3,1,0
BRDA:262,4,0,0
BRDA:262,4,1,0
BRDA:264,5,0,0
BRDA:264,5,1,0
BRDA:269,6,0,0
BRDA:269,6,1,0
BRDA:281,7,0,0
BRDA:281,7,1,0
BRDA:282,8,0,0
BRDA:282,8,1,0
BRDA:282,9,0,0
BRDA:282,9,1,0
BRDA:285,10,0,0
BRDA:285,10,1,0
BRDA:285,11,0,0
BRDA:285,11,1,0
BRDA:288,12,0,0
BRDA:288,12,1,0
BRDA:288,13,0,0
BRDA:288,13,1,0
BRDA:293,14,0,0
BRDA:293,14,1,0
BRDA:294,15,0,0
BRDA:294,15,1,0
BRDA:297,16,0,0
BRDA:297,16,1,0
BRDA:297,17,0,0
BRDA:297,17,1,0
BRDA:302,18,0,0
BRDA:302,18,1,0
BRDA:303,19,0,0
BRDA:303,19,1,0
BRDA:316,20,0,0
BRDA:316,20,1,0
BRDA:316,21,0,0
BRDA:316,21,1,0
BRDA:326,22,0,0
BRDA:326,22,1,0
BRDA:326,23,0,0
BRDA:326,23,1,0
BRDA:414,24,0,0
BRDA:414,24,1,0
BRDA:425,25,0,0
BRDA:425,25,1,0
BRDA:442,26,0,0
BRDA:442,26,1,0
BRDA:575,27,0,0
BRDA:575,27,1,0
BRDA:605,28,0,0
BRDA:605,28,1,0
BRF:58
BRH:0
end_of_record
TN:
SF:src/utils/bundlePerformance.js
FN:32,calculatePerformanceGains
FN:61,(anonymous_1)
FN:73,(anonymous_2)
FN:81,(anonymous_3)
FN:93,(anonymous_4)
FN:95,(anonymous_5)
FN:108,(anonymous_6)
FN:137,(anonymous_7)
FNF:8
FNH:0
FNDA:0,calculatePerformanceGains
FNDA:0,(anonymous_1)
FNDA:0,(anonymous_2)
FNDA:0,(anonymous_3)
FNDA:0,(anonymous_4)
FNDA:0,(anonymous_5)
FNDA:0,(anonymous_6)
FNDA:0,(anonymous_7)
DA:9,0
DA:19,0
DA:33,0
DA:54,0
DA:62,0
DA:74,0
DA:75,0
DA:82,0
DA:87,0
DA:94,0
DA:95,0
DA:97,0
DA:109,0
DA:111,0
DA:112,0
DA:113,0
DA:114,0
DA:115,0
DA:117,0
DA:118,0
DA:119,0
DA:120,0
DA:121,0
DA:123,0
DA:124,0
DA:125,0
DA:126,0
DA:127,0
DA:128,0
DA:133,0
DA:136,0
DA:137,0
LF:32
LH:0
BRDA:98,0,0,0
BRDA:98,0,1,0
BRDA:136,1,0,0
BRDA:136,1,1,0
BRF:4
BRH:0
end_of_record
TN:
SF:src/utils/formatters.js
FN:11,formatBytes
FN:28,formatDuration
FN:60,formatNumber
FN:75,formatPercentage
FN:85,formatFrequency
FN:100,formatNetworkSpeed
FN:115,formatRelativeTime
FN:144,getStatusColor
FN:155,getTrendIndicator
FN:171,calculatePercentage
FN:181,formatResponseTime
FN:196,formatUptime
FN:211,getSeverityColor
FN:233,formatThreshold
FN:243,generateChartColors
FN:264,formatRateLimit
FN:274,calculateGrowthRate
FN:294,formatHealthScore
FNF:18
FNH:0
FNDA:0,formatBytes
FNDA:0,formatDuration
FNDA:0,formatNumber
FNDA:0,formatPercentage
FNDA:0,formatFrequency
FNDA:0,formatNetworkSpeed
FNDA:0,formatRelativeTime
FNDA:0,getStatusColor
FNDA:0,getTrendIndicator
FNDA:0,calculatePercentage
FNDA:0,formatResponseTime
FNDA:0,formatUptime
FNDA:0,getSeverityColor
FNDA:0,formatThreshold
FNDA:0,generateChartColors
FNDA:0,formatRateLimit
FNDA:0,calculateGrowthRate
FNDA:0,formatHealthScore
DA:12,0
DA:14,0
DA:15,0
DA:16,0
DA:18,0
DA:20,0
DA:29,0
DA:30,0
DA:33,0
DA:34,0
DA:35,0
DA:36,0
DA:38,0
DA:39,0
DA:40,0
DA:41,0
DA:42,0
DA:43,0
DA:44,0
DA:45,0
DA:46,0
DA:47,0
DA:48,0
DA:50,0
DA:61,0
DA:63,0
DA:76,0
DA:77,0
DA:86,0
DA:88,0
DA:89,0
DA:91,0
DA:101,0
DA:103,0
DA:104,0
DA:105,0
DA:107,0
DA:116,0
DA:117,0
DA:118,0
DA:120,0
DA:121,0
DA:122,0
DA:123,0
DA:125,0
DA:126,0
DA:127,0
DA:128,0
DA:129,0
DA:130,0
DA:131,0
DA:132,0
DA:134,0
DA:145,0
DA:146,0
DA:147,0
DA:156,0
DA:157,0
DA:158,0
DA:159,0
DA:161,0
DA:172,0
DA:173,0
DA:182,0
DA:184,0
DA:185,0
DA:187,0
DA:197,0
DA:199,0
DA:200,0
DA:203,0
DA:212,0
DA:215,0
DA:217,0
DA:219,0
DA:221,0
DA:223,0
DA:234,0
DA:235,0
DA:244,0
DA:249,0
DA:250,0
DA:251,0
DA:254,0
DA:265,0
DA:275,0
DA:276,0
DA:279,0
DA:280,0
DA:282,0
DA:297,0
DA:298,0
DA:299,0
DA:300,0
DA:301,0
DA:302,0
DA:303,0
DA:304,0
DA:305,0
DA:307,0
DA:308,0
DA:311,0
LF:102
LH:0
BRDA:11,0,0,0
BRDA:12,1,0,0
BRDA:12,1,1,0
BRDA:15,2,0,0
BRDA:15,2,1,0
BRDA:29,3,0,0
BRDA:29,3,1,0
BRDA:38,4,0,0
BRDA:38,4,1,0
BRDA:42,5,0,0
BRDA:42,5,1,0
BRDA:46,6,0,0
BRDA:46,6,1,0
BRDA:60,7,0,0
BRDA:61,8,0,0
BRDA:61,8,1,0
BRDA:61,9,0,0
BRDA:61,9,1,0
BRDA:75,10,0,0
BRDA:76,11,0,0
BRDA:76,11,1,0
BRDA:76,12,0,0
BRDA:76,12,1,0
BRDA:86,13,0,0
BRDA:86,13,1,0
BRDA:86,14,0,0
BRDA:86,14,1,0
BRDA:88,15,0,0
BRDA:88,15,1,0
BRDA:101,16,0,0
BRDA:101,16,1,0
BRDA:125,17,0,0
BRDA:125,17,1,0
BRDA:127,18,0,0
BRDA:127,18,1,0
BRDA:128,19,0,0
BRDA:128,19,1,0
BRDA:129,20,0,0
BRDA:129,20,1,0
BRDA:130,21,0,0
BRDA:130,21,1,0
BRDA:131,22,0,0
BRDA:131,22,1,0
BRDA:132,23,0,0
BRDA:132,23,1,0
BRDA:144,24,0,0
BRDA:145,25,0,0
BRDA:145,25,1,0
BRDA:146,26,0,0
BRDA:146,26,1,0
BRDA:156,27,0,0
BRDA:156,27,1,0
BRDA:158,28,0,0
BRDA:158,28,1,0
BRDA:172,29,0,0
BRDA:172,29,1,0
BRDA:182,30,0,0
BRDA:182,30,1,0
BRDA:182,31,0,0
BRDA:182,31,1,0
BRDA:184,32,0,0
BRDA:184,32,1,0
BRDA:197,33,0,0
BRDA:197,33,1,0
BRDA:197,34,0,0
BRDA:197,34,1,0
BRDA:199,35,0,0
BRDA:199,35,1,0
BRDA:212,36,0,0
BRDA:212,36,1,0
BRDA:212,36,2,0
BRDA:212,36,3,0
BRDA:212,36,4,0
BRDA:212,36,5,0
BRDA:233,37,0,0
BRDA:234,38,0,0
BRDA:234,38,1,0
BRDA:234,39,0,0
BRDA:234,39,1,0
BRDA:264,40,0,0
BRDA:275,41,0,0
BRDA:275,41,1,0
BRDA:280,42,0,0
BRDA:280,42,1,0
BRDA:280,43,0,0
BRDA:280,43,1,0
BRDA:284,44,0,0
BRDA:284,44,1,0
BRDA:297,45,0,0
BRDA:297,45,1,0
BRDA:300,46,0,0
BRDA:300,46,1,0
BRDA:303,47,0,0
BRDA:303,47,1,0
BRF:94
BRH:0
end_of_record
TN:
SF:src/utils/routePreloader.js
FN:7,(anonymous_0)
FN:14,(anonymous_1)
FN:23,(anonymous_2)
FN:32,(anonymous_3)
FN:41,(anonymous_4)
FN:58,(anonymous_5)
FN:60,(anonymous_6)
FN:61,(anonymous_7)
FN:62,(anonymous_8)
FN:63,(anonymous_9)
FN:64,(anonymous_10)
FN:65,(anonymous_11)
FN:66,(anonymous_12)
FN:79,(anonymous_13)
FN:85,(anonymous_14)
FN:93,(anonymous_15)
FN:107,(anonymous_16)
FN:109,(anonymous_17)
FNF:18
FNH:0
FNDA:0,(anonymous_0)
FNDA:0,(anonymous_1)
FNDA:0,(anonymous_2)
FNDA:0,(anonymous_3)
FNDA:0,(anonymous_4)
FNDA:0,(anonymous_5)
FNDA:0,(anonymous_6)
FNDA:0,(anonymous_7)
FNDA:0,(anonymous_8)
FNDA:0,(anonymous_9)
FNDA:0,(anonymous_10)
FNDA:0,(anonymous_11)
FNDA:0,(anonymous_12)
FNDA:0,(anonymous_13)
FNDA:0,(anonymous_14)
FNDA:0,(anonymous_15)
FNDA:0,(anonymous_16)
FNDA:0,(anonymous_17)
DA:7,0
DA:8,0
DA:14,0
DA:15,0
DA:23,0
DA:24,0
DA:32,0
DA:34,0
DA:41,0
DA:42,0
DA:44,0
DA:45,0
DA:47,0
DA:53,0
DA:58,0
DA:59,0
DA:60,0
DA:61,0
DA:62,0
DA:63,0
DA:64,0
DA:65,0
DA:66,0
DA:69,0
DA:70,0
DA:71,0
DA:76,0
DA:79,0
DA:80,0
DA:81,0
DA:84,0
DA:85,0
DA:87,0
DA:88,0
DA:93,0
DA:94,0
DA:96,0
DA:97,0
DA:99,0
DA:100,0
DA:102,0
DA:107,0
DA:108,0
DA:109,0
DA:112,0
LF:45
LH:0
BRDA:42,0,0,0
BRDA:42,0,1,0
BRDA:45,1,0,0
BRDA:45,1,1,0
BRDA:70,2,0,0
BRDA:70,2,1,0
BRDA:80,3,0,0
BRDA:80,3,1,0
BRDA:94,4,0,0
BRDA:94,4,1,0
BRDA:97,5,0,0
BRDA:97,5,1,0
BRDA:100,6,0,0
BRDA:100,6,1,0
BRDA:107,7,0,0
BRDA:108,8,0,0
BRDA:108,8,1,0
BRF:17
BRH:0
end_of_record
